#
# There is insufficient memory for the Java Runtime Environment to continue.
# Native memory allocation (malloc) failed to allocate 1349776 bytes. Error detail: Chunk::new
# Possible reasons:
#   The system is out of physical RAM or swap space
#   This process is running with CompressedOops enabled, and the Java Heap may be blocking the growth of the native heap
# Possible solutions:
#   Reduce memory load on the system
#   Increase physical memory or swap space
#   Check if swap backing store is full
#   Decrease Java heap size (-Xmx/-Xms)
#   Decrease number of Java threads
#   Decrease Java thread stack sizes (-Xss)
#   Set larger code cache with -XX:ReservedCodeCacheSize=
#   JVM is running with Unscaled Compressed Oops mode in which the Java heap is
#     placed in the first 4GB address space. The Java Heap base address is the
#     maximum limit for the native heap growth. Please use -XX:HeapBaseMinAddress
#     to set the Java Heap base and to place the Java Heap above 4GB virtual address.
# This output file may be truncated or incomplete.
#
#  Out of Memory Error (arena.cpp:168), pid=1864, tid=4424
#
# JRE version: OpenJDK Runtime Environment (21.0.8) (build 21.0.8+-14018985-b1038.68)
# Java VM: OpenJDK 64-Bit Server VM (21.0.8+-14018985-b1038.68, mixed mode, tiered, compressed oops, compressed class ptrs, g1 gc, windows-amd64)
# No core dump will be written. Minidumps are not enabled by default on client versions of Windows
#

---------------  S U M M A R Y ------------

Command Line: --add-opens=java.base/java.lang=ALL-UNNAMED --add-opens=java.base/java.lang.invoke=ALL-UNNAMED --add-opens=java.base/java.util=ALL-UNNAMED --add-opens=java.prefs/java.util.prefs=ALL-UNNAMED --add-exports=jdk.compiler/com.sun.tools.javac.api=ALL-UNNAMED --add-exports=jdk.compiler/com.sun.tools.javac.util=ALL-UNNAMED --add-opens=java.base/java.util=ALL-UNNAMED --add-opens=java.prefs/java.util.prefs=ALL-UNNAMED --add-opens=java.base/java.nio.charset=ALL-UNNAMED --add-opens=java.base/java.net=ALL-UNNAMED --add-opens=java.base/java.util.concurrent.atomic=ALL-UNNAMED --add-opens=java.xml/javax.xml.namespace=ALL-UNNAMED -Xmx2048m -Dfile.encoding=UTF-8 -Duser.country=PH -Duser.language=en -Duser.variant -javaagent:C:\Users\Mark Paul\.gradle\wrapper\dists\gradle-8.14.3-bin\cv11ve7ro1n3o1j4so8xd9n66\gradle-8.14.3\lib\agents\gradle-instrumentation-agent-8.14.3.jar org.gradle.launcher.daemon.bootstrap.GradleDaemon 8.14.3

Host: AMD Ryzen 5 3500 6-Core Processor              , 6 cores, 15G,  Windows 11 , 64 bit Build 26100 (10.0.26100.6725)
Time: Mon Oct 27 14:04:59 2025 Malay Peninsula Standard Time elapsed time: 6.429001 seconds (0d 0h 0m 6s)

---------------  T H R E A D  ---------------

Current thread (0x0000017b7e47c920):  JavaThread "C2 CompilerThread1" daemon [_thread_in_native, id=4424, stack(0x0000006b07500000,0x0000006b07600000) (1024K)]


Current CompileTask:
C2:6429 6167       4       java.net.URLClassLoader$1::run (5 bytes)

Stack: [0x0000006b07500000,0x0000006b07600000]
Native frames: (J=compiled Java code, j=interpreted, Vv=VM code, C=native code)
V  [jvm.dll+0x6d68d9]
V  [jvm.dll+0x866693]
V  [jvm.dll+0x868c4e]
V  [jvm.dll+0x869333]
V  [jvm.dll+0x280566]
V  [jvm.dll+0xc07cd]
V  [jvm.dll+0xc0d03]
V  [jvm.dll+0x3b95e1]
V  [jvm.dll+0x385507]
V  [jvm.dll+0x38497a]
V  [jvm.dll+0x249252]
V  [jvm.dll+0x248821]
V  [jvm.dll+0x1c73a4]
V  [jvm.dll+0x257f9e]
V  [jvm.dll+0x2564e6]
V  [jvm.dll+0x3f4696]
V  [jvm.dll+0x80eac8]
V  [jvm.dll+0x6d512d]
C  [ucrtbase.dll+0x37b0]
C  [KERNEL32.DLL+0x2e8d7]
C  [ntdll.dll+0x8c53c]


---------------  P R O C E S S  ---------------

Threads class SMR info:
_java_thread_list=0x0000017b105a2dd0, length=53, elements={
0x0000017b6fb47620, 0x0000017b77f273a0, 0x0000017b77f2ec30, 0x0000017b77f2f2a0,
0x0000017b77f42050, 0x0000017b77f59d70, 0x0000017b77f5af70, 0x0000017b77f5cfb0,
0x0000017b77f4e4e0, 0x0000017b77f4f720, 0x0000017b7821e4e0, 0x0000017b7e28ca80,
0x0000017b7dee1c30, 0x0000017b7e47c920, 0x0000017b7dda4d60, 0x0000017b7e289bf0,
0x0000017b7e0e3350, 0x0000017b7e472ce0, 0x0000017b7e473b60, 0x0000017b7e17a0d0,
0x0000017b7e17cec0, 0x0000017b7e179a40, 0x0000017b7e17adf0, 0x0000017b7e17a760,
0x0000017b7e17b480, 0x0000017b7e17c1a0, 0x0000017b7e17bb10, 0x0000017b7e5b0a80,
0x0000017b7e5b03f0, 0x0000017b7e5ae320, 0x0000017b7e5ae9b0, 0x0000017b7e5afd60,
0x0000017b7e5ad600, 0x0000017b7e5b1110, 0x0000017b7e5adc90, 0x0000017b7e5b17a0,
0x0000017b7e5b1e30, 0x0000017b7e5af6d0, 0x0000017b7e5af040, 0x0000017b7e5b3f00,
0x0000017b7e5b4590, 0x0000017b7e5b4c20, 0x0000017b7e5b2b50, 0x0000017b7e5b3870,
0x0000017b104c7810, 0x0000017b104c98e0, 0x0000017b104c9f70, 0x0000017b104ca600,
0x0000017b104c9250, 0x0000017b104c7180, 0x0000017b104cac90, 0x0000017b104cb320,
0x0000017b104c7ea0
}

Java Threads: ( => current thread )
  0x0000017b6fb47620 JavaThread "main"                              [_thread_blocked, id=10160, stack(0x0000006b05c00000,0x0000006b05d00000) (1024K)]
  0x0000017b77f273a0 JavaThread "Common-Cleaner"             daemon [_thread_blocked, id=5428, stack(0x0000006b06400000,0x0000006b06500000) (1024K)]
  0x0000017b77f2ec30 JavaThread "Reference Handler"          daemon [_thread_blocked, id=9940, stack(0x0000006b06500000,0x0000006b06600000) (1024K)]
  0x0000017b77f2f2a0 JavaThread "Finalizer"                  daemon [_thread_blocked, id=2268, stack(0x0000006b06600000,0x0000006b06700000) (1024K)]
  0x0000017b77f42050 JavaThread "Signal Dispatcher"          daemon [_thread_blocked, id=9808, stack(0x0000006b06700000,0x0000006b06800000) (1024K)]
  0x0000017b77f59d70 JavaThread "Attach Listener"            daemon [_thread_blocked, id=8280, stack(0x0000006b06800000,0x0000006b06900000) (1024K)]
  0x0000017b77f5af70 JavaThread "Service Thread"             daemon [_thread_blocked, id=11708, stack(0x0000006b06900000,0x0000006b06a00000) (1024K)]
  0x0000017b77f5cfb0 JavaThread "Monitor Deflation Thread"   daemon [_thread_blocked, id=13536, stack(0x0000006b06a00000,0x0000006b06b00000) (1024K)]
  0x0000017b77f4e4e0 JavaThread "C2 CompilerThread0"         daemon [_thread_in_native, id=8260, stack(0x0000006b06b00000,0x0000006b06c00000) (1024K)]
  0x0000017b77f4f720 JavaThread "C1 CompilerThread0"         daemon [_thread_in_vm, id=14800, stack(0x0000006b06c00000,0x0000006b06d00000) (1024K)]
  0x0000017b7821e4e0 JavaThread "Notification Thread"        daemon [_thread_blocked, id=8424, stack(0x0000006b06d00000,0x0000006b06e00000) (1024K)]
  0x0000017b7e28ca80 JavaThread "Daemon health stats"               [_thread_blocked, id=13968, stack(0x0000006b07400000,0x0000006b07500000) (1024K)]
  0x0000017b7dee1c30 JavaThread "Incoming local TCP Connector on port 49692"        [_thread_in_native, id=9264, stack(0x0000006b07300000,0x0000006b07400000) (1024K)]
=>0x0000017b7e47c920 JavaThread "C2 CompilerThread1"         daemon [_thread_in_native, id=4424, stack(0x0000006b07500000,0x0000006b07600000) (1024K)]
  0x0000017b7dda4d60 JavaThread "Daemon periodic checks"            [_thread_blocked, id=14420, stack(0x0000006b07600000,0x0000006b07700000) (1024K)]
  0x0000017b7e289bf0 JavaThread "Daemon"                            [_thread_blocked, id=13376, stack(0x0000006b07700000,0x0000006b07800000) (1024K)]
  0x0000017b7e0e3350 JavaThread "Handler for socket connection from /127.0.0.1:49692 to /127.0.0.1:49693"        [_thread_in_native, id=2408, stack(0x0000006b07800000,0x0000006b07900000) (1024K)]
  0x0000017b7e472ce0 JavaThread "Cancel handler"                    [_thread_blocked, id=2868, stack(0x0000006b07900000,0x0000006b07a00000) (1024K)]
  0x0000017b7e473b60 JavaThread "Daemon worker"                     [_thread_in_vm, id=3972, stack(0x0000006b07a00000,0x0000006b07b00000) (1024K)]
  0x0000017b7e17a0d0 JavaThread "Asynchronous log dispatcher for DefaultDaemonConnection: socket connection from /127.0.0.1:49692 to /127.0.0.1:49693"        [_thread_blocked, id=4664, stack(0x0000006b07b00000,0x0000006b07c00000) (1024K)]
  0x0000017b7e17cec0 JavaThread "Stdin handler"                     [_thread_blocked, id=2552, stack(0x0000006b07d00000,0x0000006b07e00000) (1024K)]
  0x0000017b7e179a40 JavaThread "Daemon client event forwarder"        [_thread_blocked, id=2596, stack(0x0000006b07e00000,0x0000006b07f00000) (1024K)]
  0x0000017b7e17adf0 JavaThread "Cache worker for journal cache (C:\Users\Mark Paul\.gradle\caches\journal-1)"        [_thread_blocked, id=2860, stack(0x0000006b07f00000,0x0000006b08000000) (1024K)]
  0x0000017b7e17a760 JavaThread "File lock request listener"        [_thread_in_native, id=2700, stack(0x0000006b08000000,0x0000006b08100000) (1024K)]
  0x0000017b7e17b480 JavaThread "Cache worker for file hash cache (C:\Users\Mark Paul\.gradle\caches\8.14.3\fileHashes)"        [_thread_blocked, id=8584, stack(0x0000006b08100000,0x0000006b08200000) (1024K)]
  0x0000017b7e17c1a0 JavaThread "Cache worker for file hash cache (C:\Users\Mark Paul\AndroidProjects\UCWD-Leave-Monitoring-System\.gradle\8.14.3\fileHashes)"        [_thread_blocked, id=2688, stack(0x0000006b08200000,0x0000006b08300000) (1024K)]
  0x0000017b7e17bb10 JavaThread "Cache worker for Build Output Cleanup Cache (C:\Users\Mark Paul\AndroidProjects\UCWD-Leave-Monitoring-System\.gradle\buildOutputCleanup)"        [_thread_blocked, id=13776, stack(0x0000006b08300000,0x0000006b08400000) (1024K)]
  0x0000017b7e5b0a80 JavaThread "File watcher server"        daemon [_thread_in_native, id=7164, stack(0x0000006b08400000,0x0000006b08500000) (1024K)]
  0x0000017b7e5b03f0 JavaThread "File watcher consumer"      daemon [_thread_blocked, id=14700, stack(0x0000006b08500000,0x0000006b08600000) (1024K)]
  0x0000017b7e5ae320 JavaThread "jar transforms"                    [_thread_blocked, id=5060, stack(0x0000006b08600000,0x0000006b08700000) (1024K)]
  0x0000017b7e5ae9b0 JavaThread "jar transforms Thread 2"           [_thread_blocked, id=8104, stack(0x0000006b08700000,0x0000006b08800000) (1024K)]
  0x0000017b7e5afd60 JavaThread "jar transforms Thread 3"           [_thread_blocked, id=9432, stack(0x0000006b08800000,0x0000006b08900000) (1024K)]
  0x0000017b7e5ad600 JavaThread "jar transforms Thread 4"           [_thread_blocked, id=9936, stack(0x0000006b08900000,0x0000006b08a00000) (1024K)]
  0x0000017b7e5b1110 JavaThread "jar transforms Thread 5"           [_thread_blocked, id=3584, stack(0x0000006b08a00000,0x0000006b08b00000) (1024K)]
  0x0000017b7e5adc90 JavaThread "jar transforms Thread 6"           [_thread_blocked, id=820, stack(0x0000006b08b00000,0x0000006b08c00000) (1024K)]
  0x0000017b7e5b17a0 JavaThread "Cache worker for checksums cache (C:\Users\Mark Paul\AndroidProjects\UCWD-Leave-Monitoring-System\.gradle\8.14.3\checksums)"        [_thread_blocked, id=8656, stack(0x0000006b08c00000,0x0000006b08d00000) (1024K)]
  0x0000017b7e5b1e30 JavaThread "Cache worker for file content cache (C:\Users\Mark Paul\.gradle\caches\8.14.3\fileContent)"        [_thread_blocked, id=3796, stack(0x0000006b08d00000,0x0000006b08e00000) (1024K)]
  0x0000017b7e5af6d0 JavaThread "Cache worker for cache directory md-supplier (C:\Users\Mark Paul\.gradle\caches\8.14.3\md-supplier)"        [_thread_blocked, id=11640, stack(0x0000006b08e00000,0x0000006b08f00000) (1024K)]
  0x0000017b7e5af040 JavaThread "Cache worker for cache directory md-rule (C:\Users\Mark Paul\.gradle\caches\8.14.3\md-rule)"        [_thread_blocked, id=9020, stack(0x0000006b08f00000,0x0000006b09000000) (1024K)]
  0x0000017b7e5b3f00 JavaThread "Unconstrained build operations"        [_thread_blocked, id=15736, stack(0x0000006b09000000,0x0000006b09100000) (1024K)]
  0x0000017b7e5b4590 JavaThread "Unconstrained build operations Thread 2"        [_thread_blocked, id=3304, stack(0x0000006b09100000,0x0000006b09200000) (1024K)]
  0x0000017b7e5b4c20 JavaThread "Unconstrained build operations Thread 3"        [_thread_blocked, id=3256, stack(0x0000006b09200000,0x0000006b09300000) (1024K)]
  0x0000017b7e5b2b50 JavaThread "Unconstrained build operations Thread 4"        [_thread_blocked, id=3024, stack(0x0000006b09300000,0x0000006b09400000) (1024K)]
  0x0000017b7e5b3870 JavaThread "Unconstrained build operations Thread 5"        [_thread_blocked, id=15632, stack(0x0000006b09400000,0x0000006b09500000) (1024K)]
  0x0000017b104c7810 JavaThread "Unconstrained build operations Thread 6"        [_thread_blocked, id=4700, stack(0x0000006b09500000,0x0000006b09600000) (1024K)]
  0x0000017b104c98e0 JavaThread "Unconstrained build operations Thread 7"        [_thread_blocked, id=15804, stack(0x0000006b09600000,0x0000006b09700000) (1024K)]
  0x0000017b104c9f70 JavaThread "Unconstrained build operations Thread 8"        [_thread_blocked, id=8628, stack(0x0000006b09700000,0x0000006b09800000) (1024K)]
  0x0000017b104ca600 JavaThread "Unconstrained build operations Thread 9"        [_thread_blocked, id=9648, stack(0x0000006b09800000,0x0000006b09900000) (1024K)]
  0x0000017b104c9250 JavaThread "Unconstrained build operations Thread 10"        [_thread_blocked, id=14424, stack(0x0000006b09900000,0x0000006b09a00000) (1024K)]
  0x0000017b104c7180 JavaThread "Unconstrained build operations Thread 11"        [_thread_blocked, id=7064, stack(0x0000006b09a00000,0x0000006b09b00000) (1024K)]
  0x0000017b104cac90 JavaThread "Unconstrained build operations Thread 12"        [_thread_blocked, id=3136, stack(0x0000006b09b00000,0x0000006b09c00000) (1024K)]
  0x0000017b104cb320 JavaThread "Unconstrained build operations Thread 13"        [_thread_blocked, id=15872, stack(0x0000006b09c00000,0x0000006b09d00000) (1024K)]
  0x0000017b104c7ea0 JavaThread "Unconstrained build operations Thread 14"        [_thread_blocked, id=11524, stack(0x0000006b09d00000,0x0000006b09e00000) (1024K)]
Total: 53

Other Threads:
  0x0000017b77e03b80 VMThread "VM Thread"                           [id=4952, stack(0x0000006b06300000,0x0000006b06400000) (1024K)]
  0x0000017b77ea09d0 WatcherThread "VM Periodic Task Thread"        [id=15744, stack(0x0000006b06200000,0x0000006b06300000) (1024K)]
  0x0000017b6fba31d0 WorkerThread "GC Thread#0"                     [id=8316, stack(0x0000006b05d00000,0x0000006b05e00000) (1024K)]
  0x0000017b7848fcb0 WorkerThread "GC Thread#1"                     [id=13556, stack(0x0000006b06e00000,0x0000006b06f00000) (1024K)]
  0x0000017b7851c180 WorkerThread "GC Thread#2"                     [id=15852, stack(0x0000006b06f00000,0x0000006b07000000) (1024K)]
  0x0000017b7851c520 WorkerThread "GC Thread#3"                     [id=1892, stack(0x0000006b07000000,0x0000006b07100000) (1024K)]
  0x0000017b7851c8c0 WorkerThread "GC Thread#4"                     [id=3792, stack(0x0000006b07100000,0x0000006b07200000) (1024K)]
  0x0000017b78507720 WorkerThread "GC Thread#5"                     [id=11572, stack(0x0000006b07200000,0x0000006b07300000) (1024K)]
  0x0000017b6fbb4f00 ConcurrentGCThread "G1 Main Marker"            [id=10192, stack(0x0000006b05e00000,0x0000006b05f00000) (1024K)]
  0x0000017b6fbb6120 WorkerThread "G1 Conc#0"                       [id=8500, stack(0x0000006b05f00000,0x0000006b06000000) (1024K)]
  0x0000017b7e19dab0 WorkerThread "G1 Conc#1"                       [id=13508, stack(0x0000006b07c00000,0x0000006b07d00000) (1024K)]
  0x0000017b77d0f1a0 ConcurrentGCThread "G1 Refine#0"               [id=5632, stack(0x0000006b06000000,0x0000006b06100000) (1024K)]
  0x0000017b77d10ad0 ConcurrentGCThread "G1 Service"                [id=6904, stack(0x0000006b06100000,0x0000006b06200000) (1024K)]
Total: 13

Threads with active compile tasks:
C2 CompilerThread0  6446 6162   !   4       java.net.URLClassLoader::findClass (47 bytes)
C2 CompilerThread1  6446 6167       4       java.net.URLClassLoader$1::run (5 bytes)
Total: 2

VM state: not at safepoint (normal execution)

VM Mutex/Monitor currently owned by a thread: None

Heap address: 0x0000000080000000, size: 2048 MB, Compressed Oops mode: 32-bit

CDS archive(s) not mapped
Compressed class space mapped at: 0x0000000100000000-0x0000000140000000, reserved size: 1073741824
Narrow klass base: 0x0000000000000000, Narrow klass shift: 3, Narrow klass range: 0x140000000

GC Precious Log:
 CardTable entry size: 512
 Card Set container configuration: InlinePtr #cards 5 size 8 Array Of Cards #cards 12 size 40 Howl #buckets 4 coarsen threshold 1843 Howl Bitmap #cards 512 size 80 coarsen threshold 460 Card regions per heap region 1 cards per card region 2048
 CPUs: 6 total, 6 available
 Memory: 16315M
 Large Page Support: Disabled
 NUMA Support: Disabled
 Compressed Oops: Enabled (32-bit)
 Heap Region Size: 1M
 Heap Min Capacity: 8M
 Heap Initial Capacity: 256M
 Heap Max Capacity: 2G
 Pre-touch: Disabled
 Parallel Workers: 6
 Concurrent Workers: 2
 Concurrent Refinement Workers: 6
 Periodic GC: Disabled

Heap:
 garbage-first heap   total 160768K, used 102744K [0x0000000080000000, 0x0000000100000000)
  region size 1024K, 9 young (9216K), 2 survivors (2048K)
 Metaspace       used 68090K, committed 69824K, reserved 1114112K
  class space    used 9558K, committed 10368K, reserved 1048576K

Heap Regions: E=young(eden), S=young(survivor), O=old, HS=humongous(starts), HC=humongous(continues), CS=collection set, F=free, TAMS=top-at-mark-start, PB=parsable bottom
|   0|0x0000000080000000, 0x0000000080100000, 0x0000000080100000|100%|HS|  |TAMS 0x0000000080000000| PB 0x0000000080000000| Complete 
|   1|0x0000000080100000, 0x0000000080200000, 0x0000000080200000|100%|HC|  |TAMS 0x0000000080100000| PB 0x0000000080100000| Complete 
|   2|0x0000000080200000, 0x0000000080300000, 0x0000000080300000|100%|HC|  |TAMS 0x0000000080200000| PB 0x0000000080200000| Complete 
|   3|0x0000000080300000, 0x0000000080400000, 0x0000000080400000|100%| O|  |TAMS 0x0000000080300000| PB 0x0000000080300000| Untracked 
|   4|0x0000000080400000, 0x0000000080500000, 0x0000000080500000|100%| O|  |TAMS 0x0000000080400000| PB 0x0000000080400000| Untracked 
|   5|0x0000000080500000, 0x0000000080600000, 0x0000000080600000|100%| O|  |TAMS 0x0000000080500000| PB 0x0000000080500000| Untracked 
|   6|0x0000000080600000, 0x0000000080700000, 0x0000000080700000|100%|HS|  |TAMS 0x0000000080600000| PB 0x0000000080600000| Complete 
|   7|0x0000000080700000, 0x0000000080800000, 0x0000000080800000|100%| O|  |TAMS 0x0000000080700000| PB 0x0000000080700000| Untracked 
|   8|0x0000000080800000, 0x0000000080900000, 0x0000000080900000|100%| O|  |TAMS 0x0000000080800000| PB 0x0000000080800000| Untracked 
|   9|0x0000000080900000, 0x0000000080a00000, 0x0000000080a00000|100%| O|  |TAMS 0x0000000080900000| PB 0x0000000080900000| Untracked 
|  10|0x0000000080a00000, 0x0000000080b00000, 0x0000000080b00000|100%| O|  |TAMS 0x0000000080a00000| PB 0x0000000080a00000| Untracked 
|  11|0x0000000080b00000, 0x0000000080c00000, 0x0000000080c00000|100%| O|  |TAMS 0x0000000080b00000| PB 0x0000000080b00000| Untracked 
|  12|0x0000000080c00000, 0x0000000080d00000, 0x0000000080d00000|100%| O|  |TAMS 0x0000000080c00000| PB 0x0000000080c00000| Untracked 
|  13|0x0000000080d00000, 0x0000000080e00000, 0x0000000080e00000|100%| O|  |TAMS 0x0000000080d00000| PB 0x0000000080d00000| Untracked 
|  14|0x0000000080e00000, 0x0000000080f00000, 0x0000000080f00000|100%| O|  |TAMS 0x0000000080e00000| PB 0x0000000080e00000| Untracked 
|  15|0x0000000080f00000, 0x0000000081000000, 0x0000000081000000|100%| O|  |TAMS 0x0000000080f00000| PB 0x0000000080f00000| Untracked 
|  16|0x0000000081000000, 0x0000000081100000, 0x0000000081100000|100%| O|  |TAMS 0x0000000081000000| PB 0x0000000081000000| Untracked 
|  17|0x0000000081100000, 0x0000000081200000, 0x0000000081200000|100%| O|  |TAMS 0x0000000081100000| PB 0x0000000081100000| Untracked 
|  18|0x0000000081200000, 0x0000000081300000, 0x0000000081300000|100%| O|  |TAMS 0x0000000081200000| PB 0x0000000081200000| Untracked 
|  19|0x0000000081300000, 0x0000000081400000, 0x0000000081400000|100%| O|  |TAMS 0x0000000081300000| PB 0x0000000081300000| Untracked 
|  20|0x0000000081400000, 0x0000000081500000, 0x0000000081500000|100%| O|  |TAMS 0x0000000081400000| PB 0x0000000081400000| Untracked 
|  21|0x0000000081500000, 0x0000000081600000, 0x0000000081600000|100%| O|  |TAMS 0x0000000081500000| PB 0x0000000081500000| Untracked 
|  22|0x0000000081600000, 0x0000000081700000, 0x0000000081700000|100%| O|  |TAMS 0x0000000081600000| PB 0x0000000081600000| Untracked 
|  23|0x0000000081700000, 0x0000000081800000, 0x0000000081800000|100%|HS|  |TAMS 0x0000000081700000| PB 0x0000000081700000| Complete 
|  24|0x0000000081800000, 0x0000000081900000, 0x0000000081900000|100%|HC|  |TAMS 0x0000000081800000| PB 0x0000000081800000| Complete 
|  25|0x0000000081900000, 0x0000000081a00000, 0x0000000081a00000|100%|HC|  |TAMS 0x0000000081900000| PB 0x0000000081900000| Complete 
|  26|0x0000000081a00000, 0x0000000081b00000, 0x0000000081b00000|100%|HC|  |TAMS 0x0000000081a00000| PB 0x0000000081a00000| Complete 
|  27|0x0000000081b00000, 0x0000000081c00000, 0x0000000081c00000|100%|HC|  |TAMS 0x0000000081b00000| PB 0x0000000081b00000| Complete 
|  28|0x0000000081c00000, 0x0000000081d00000, 0x0000000081d00000|100%|HC|  |TAMS 0x0000000081c00000| PB 0x0000000081c00000| Complete 
|  29|0x0000000081d00000, 0x0000000081e00000, 0x0000000081e00000|100%|HS|  |TAMS 0x0000000081d00000| PB 0x0000000081d00000| Complete 
|  30|0x0000000081e00000, 0x0000000081f00000, 0x0000000081f00000|100%|HS|  |TAMS 0x0000000081e00000| PB 0x0000000081e00000| Complete 
|  31|0x0000000081f00000, 0x0000000082000000, 0x0000000082000000|100%|HC|  |TAMS 0x0000000081f00000| PB 0x0000000081f00000| Complete 
|  32|0x0000000082000000, 0x0000000082100000, 0x0000000082100000|100%|HC|  |TAMS 0x0000000082000000| PB 0x0000000082000000| Complete 
|  33|0x0000000082100000, 0x0000000082200000, 0x0000000082200000|100%|HC|  |TAMS 0x0000000082100000| PB 0x0000000082100000| Complete 
|  34|0x0000000082200000, 0x0000000082300000, 0x0000000082300000|100%|HS|  |TAMS 0x0000000082200000| PB 0x0000000082200000| Complete 
|  35|0x0000000082300000, 0x0000000082400000, 0x0000000082400000|100%|HC|  |TAMS 0x0000000082300000| PB 0x0000000082300000| Complete 
|  36|0x0000000082400000, 0x0000000082500000, 0x0000000082500000|100%|HS|  |TAMS 0x0000000082400000| PB 0x0000000082400000| Complete 
|  37|0x0000000082500000, 0x0000000082600000, 0x0000000082600000|100%|HS|  |TAMS 0x0000000082500000| PB 0x0000000082500000| Complete 
|  38|0x0000000082600000, 0x0000000082700000, 0x0000000082700000|100%|HC|  |TAMS 0x0000000082600000| PB 0x0000000082600000| Complete 
|  39|0x0000000082700000, 0x0000000082800000, 0x0000000082800000|100%|HC|  |TAMS 0x0000000082700000| PB 0x0000000082700000| Complete 
|  40|0x0000000082800000, 0x0000000082900000, 0x0000000082900000|100%|HC|  |TAMS 0x0000000082800000| PB 0x0000000082800000| Complete 
|  41|0x0000000082900000, 0x0000000082a00000, 0x0000000082a00000|100%|HC|  |TAMS 0x0000000082900000| PB 0x0000000082900000| Complete 
|  42|0x0000000082a00000, 0x0000000082b00000, 0x0000000082b00000|100%|HC|  |TAMS 0x0000000082a00000| PB 0x0000000082a00000| Complete 
|  43|0x0000000082b00000, 0x0000000082c00000, 0x0000000082c00000|100%|HS|  |TAMS 0x0000000082b00000| PB 0x0000000082b00000| Complete 
|  44|0x0000000082c00000, 0x0000000082d00000, 0x0000000082d00000|100%|HS|  |TAMS 0x0000000082c00000| PB 0x0000000082c00000| Complete 
|  45|0x0000000082d00000, 0x0000000082e00000, 0x0000000082e00000|100%|HC|  |TAMS 0x0000000082d00000| PB 0x0000000082d00000| Complete 
|  46|0x0000000082e00000, 0x0000000082f00000, 0x0000000082f00000|100%| O|  |TAMS 0x0000000082e00000| PB 0x0000000082e00000| Untracked 
|  47|0x0000000082f00000, 0x0000000083000000, 0x0000000083000000|100%| O|  |TAMS 0x0000000082f00000| PB 0x0000000082f00000| Untracked 
|  48|0x0000000083000000, 0x0000000083100000, 0x0000000083100000|100%| O|  |TAMS 0x0000000083000000| PB 0x0000000083000000| Untracked 
|  49|0x0000000083100000, 0x0000000083200000, 0x0000000083200000|100%| O|  |TAMS 0x0000000083100000| PB 0x0000000083100000| Untracked 
|  50|0x0000000083200000, 0x0000000083300000, 0x0000000083300000|100%| O|  |TAMS 0x0000000083200000| PB 0x0000000083200000| Untracked 
|  51|0x0000000083300000, 0x0000000083400000, 0x0000000083400000|100%| O|Cm|TAMS 0x0000000083300000| PB 0x0000000083300000| Complete 
|  52|0x0000000083400000, 0x0000000083500000, 0x0000000083500000|100%| O|  |TAMS 0x0000000083400000| PB 0x0000000083400000| Untracked 
|  53|0x0000000083500000, 0x0000000083600000, 0x0000000083600000|100%|HS|  |TAMS 0x0000000083500000| PB 0x0000000083500000| Complete 
|  54|0x0000000083600000, 0x0000000083700000, 0x0000000083700000|100%|HC|  |TAMS 0x0000000083600000| PB 0x0000000083600000| Complete 
|  55|0x0000000083700000, 0x0000000083800000, 0x0000000083800000|100%|HC|  |TAMS 0x0000000083700000| PB 0x0000000083700000| Complete 
|  56|0x0000000083800000, 0x0000000083900000, 0x0000000083900000|100%|HC|  |TAMS 0x0000000083800000| PB 0x0000000083800000| Complete 
|  57|0x0000000083900000, 0x0000000083a00000, 0x0000000083a00000|100%|HS|  |TAMS 0x0000000083900000| PB 0x0000000083900000| Complete 
|  58|0x0000000083a00000, 0x0000000083b00000, 0x0000000083b00000|100%| O|  |TAMS 0x0000000083a00000| PB 0x0000000083a00000| Untracked 
|  59|0x0000000083b00000, 0x0000000083c00000, 0x0000000083c00000|100%| O|  |TAMS 0x0000000083b00000| PB 0x0000000083b00000| Untracked 
|  60|0x0000000083c00000, 0x0000000083d00000, 0x0000000083d00000|100%| O|Cm|TAMS 0x0000000083c00000| PB 0x0000000083c00000| Complete 
|  61|0x0000000083d00000, 0x0000000083e00000, 0x0000000083e00000|100%|HS|  |TAMS 0x0000000083d00000| PB 0x0000000083d00000| Complete 
|  62|0x0000000083e00000, 0x0000000083f00000, 0x0000000083f00000|100%| O|  |TAMS 0x0000000083e00000| PB 0x0000000083e00000| Untracked 
|  63|0x0000000083f00000, 0x0000000084000000, 0x0000000084000000|100%| O|  |TAMS 0x0000000083f00000| PB 0x0000000083f00000| Untracked 
|  64|0x0000000084000000, 0x0000000084100000, 0x0000000084100000|100%|HS|  |TAMS 0x0000000084000000| PB 0x0000000084000000| Complete 
|  65|0x0000000084100000, 0x0000000084200000, 0x0000000084200000|100%|HC|  |TAMS 0x0000000084100000| PB 0x0000000084100000| Complete 
|  66|0x0000000084200000, 0x0000000084300000, 0x0000000084300000|100%|HS|  |TAMS 0x0000000084200000| PB 0x0000000084200000| Complete 
|  67|0x0000000084300000, 0x0000000084400000, 0x0000000084400000|100%|HC|  |TAMS 0x0000000084300000| PB 0x0000000084300000| Complete 
|  68|0x0000000084400000, 0x0000000084500000, 0x0000000084500000|100%|HC|  |TAMS 0x0000000084400000| PB 0x0000000084400000| Complete 
|  69|0x0000000084500000, 0x0000000084600000, 0x0000000084600000|100%|HC|  |TAMS 0x0000000084500000| PB 0x0000000084500000| Complete 
|  70|0x0000000084600000, 0x0000000084700000, 0x0000000084700000|100%|HC|  |TAMS 0x0000000084600000| PB 0x0000000084600000| Complete 
|  71|0x0000000084700000, 0x0000000084800000, 0x0000000084800000|100%|HC|  |TAMS 0x0000000084700000| PB 0x0000000084700000| Complete 
|  72|0x0000000084800000, 0x0000000084900000, 0x0000000084900000|100%|HS|  |TAMS 0x0000000084800000| PB 0x0000000084800000| Complete 
|  73|0x0000000084900000, 0x0000000084a00000, 0x0000000084a00000|100%| O|  |TAMS 0x0000000084900000| PB 0x0000000084900000| Untracked 
|  74|0x0000000084a00000, 0x0000000084b00000, 0x0000000084b00000|100%| O|  |TAMS 0x0000000084a00000| PB 0x0000000084a00000| Untracked 
|  75|0x0000000084b00000, 0x0000000084c00000, 0x0000000084c00000|100%| O|  |TAMS 0x0000000084b00000| PB 0x0000000084b00000| Untracked 
|  76|0x0000000084c00000, 0x0000000084d00000, 0x0000000084d00000|100%| O|  |TAMS 0x0000000084c00000| PB 0x0000000084c00000| Untracked 
|  77|0x0000000084d00000, 0x0000000084e00000, 0x0000000084e00000|100%| O|  |TAMS 0x0000000084d00000| PB 0x0000000084d00000| Untracked 
|  78|0x0000000084e00000, 0x0000000084e5d6d8, 0x0000000084f00000| 36%| O|  |TAMS 0x0000000084e00000| PB 0x0000000084e00000| Untracked 
|  79|0x0000000084f00000, 0x0000000084f00000, 0x0000000085000000|  0%| F|  |TAMS 0x0000000084f00000| PB 0x0000000084f00000| Untracked 
|  80|0x0000000085000000, 0x0000000085100000, 0x0000000085100000|100%|HS|  |TAMS 0x0000000085000000| PB 0x0000000085000000| Complete 
|  81|0x0000000085100000, 0x0000000085200000, 0x0000000085200000|100%|HC|  |TAMS 0x0000000085100000| PB 0x0000000085100000| Complete 
|  82|0x0000000085200000, 0x0000000085300000, 0x0000000085300000|100%|HC|  |TAMS 0x0000000085200000| PB 0x0000000085200000| Complete 
|  83|0x0000000085300000, 0x0000000085400000, 0x0000000085400000|100%|HC|  |TAMS 0x0000000085300000| PB 0x0000000085300000| Complete 
|  84|0x0000000085400000, 0x0000000085500000, 0x0000000085500000|100%|HC|  |TAMS 0x0000000085400000| PB 0x0000000085400000| Complete 
|  85|0x0000000085500000, 0x0000000085600000, 0x0000000085600000|100%|HC|  |TAMS 0x0000000085500000| PB 0x0000000085500000| Complete 
|  86|0x0000000085600000, 0x0000000085600000, 0x0000000085700000|  0%| F|  |TAMS 0x0000000085600000| PB 0x0000000085600000| Untracked 
|  87|0x0000000085700000, 0x0000000085700000, 0x0000000085800000|  0%| F|  |TAMS 0x0000000085700000| PB 0x0000000085700000| Untracked 
|  88|0x0000000085800000, 0x0000000085800000, 0x0000000085900000|  0%| F|  |TAMS 0x0000000085800000| PB 0x0000000085800000| Untracked 
|  89|0x0000000085900000, 0x0000000085900000, 0x0000000085a00000|  0%| F|  |TAMS 0x0000000085900000| PB 0x0000000085900000| Untracked 
|  90|0x0000000085a00000, 0x0000000085a00000, 0x0000000085b00000|  0%| F|  |TAMS 0x0000000085a00000| PB 0x0000000085a00000| Untracked 
|  91|0x0000000085b00000, 0x0000000085b00000, 0x0000000085c00000|  0%| F|  |TAMS 0x0000000085b00000| PB 0x0000000085b00000| Untracked 
|  92|0x0000000085c00000, 0x0000000085c00000, 0x0000000085d00000|  0%| F|  |TAMS 0x0000000085c00000| PB 0x0000000085c00000| Untracked 
|  93|0x0000000085d00000, 0x0000000085d00000, 0x0000000085e00000|  0%| F|  |TAMS 0x0000000085d00000| PB 0x0000000085d00000| Untracked 
|  94|0x0000000085e00000, 0x0000000085e00000, 0x0000000085f00000|  0%| F|  |TAMS 0x0000000085e00000| PB 0x0000000085e00000| Untracked 
|  95|0x0000000085f00000, 0x0000000085f00000, 0x0000000086000000|  0%| F|  |TAMS 0x0000000085f00000| PB 0x0000000085f00000| Untracked 
|  96|0x0000000086000000, 0x0000000086000000, 0x0000000086100000|  0%| F|  |TAMS 0x0000000086000000| PB 0x0000000086000000| Untracked 
|  97|0x0000000086100000, 0x0000000086100000, 0x0000000086200000|  0%| F|  |TAMS 0x0000000086100000| PB 0x0000000086100000| Untracked 
|  98|0x0000000086200000, 0x0000000086200000, 0x0000000086300000|  0%| F|  |TAMS 0x0000000086200000| PB 0x0000000086200000| Untracked 
|  99|0x0000000086300000, 0x0000000086300000, 0x0000000086400000|  0%| F|  |TAMS 0x0000000086300000| PB 0x0000000086300000| Untracked 
| 100|0x0000000086400000, 0x0000000086400000, 0x0000000086500000|  0%| F|  |TAMS 0x0000000086400000| PB 0x0000000086400000| Untracked 
| 101|0x0000000086500000, 0x0000000086500000, 0x0000000086600000|  0%| F|  |TAMS 0x0000000086500000| PB 0x0000000086500000| Untracked 
| 102|0x0000000086600000, 0x0000000086600000, 0x0000000086700000|  0%| F|  |TAMS 0x0000000086600000| PB 0x0000000086600000| Untracked 
| 103|0x0000000086700000, 0x0000000086700000, 0x0000000086800000|  0%| F|  |TAMS 0x0000000086700000| PB 0x0000000086700000| Untracked 
| 104|0x0000000086800000, 0x0000000086800000, 0x0000000086900000|  0%| F|  |TAMS 0x0000000086800000| PB 0x0000000086800000| Untracked 
| 105|0x0000000086900000, 0x0000000086900000, 0x0000000086a00000|  0%| F|  |TAMS 0x0000000086900000| PB 0x0000000086900000| Untracked 
| 106|0x0000000086a00000, 0x0000000086a00000, 0x0000000086b00000|  0%| F|  |TAMS 0x0000000086a00000| PB 0x0000000086a00000| Untracked 
| 107|0x0000000086b00000, 0x0000000086b00000, 0x0000000086c00000|  0%| F|  |TAMS 0x0000000086b00000| PB 0x0000000086b00000| Untracked 
| 108|0x0000000086c00000, 0x0000000086c00000, 0x0000000086d00000|  0%| F|  |TAMS 0x0000000086c00000| PB 0x0000000086c00000| Untracked 
| 109|0x0000000086d00000, 0x0000000086d00000, 0x0000000086e00000|  0%| F|  |TAMS 0x0000000086d00000| PB 0x0000000086d00000| Untracked 
| 110|0x0000000086e00000, 0x0000000086e00000, 0x0000000086f00000|  0%| F|  |TAMS 0x0000000086e00000| PB 0x0000000086e00000| Untracked 
| 111|0x0000000086f00000, 0x0000000086f00000, 0x0000000087000000|  0%| F|  |TAMS 0x0000000086f00000| PB 0x0000000086f00000| Untracked 
| 112|0x0000000087000000, 0x0000000087000000, 0x0000000087100000|  0%| F|  |TAMS 0x0000000087000000| PB 0x0000000087000000| Untracked 
| 113|0x0000000087100000, 0x00000000871f8b20, 0x0000000087200000| 97%| S|CS|TAMS 0x0000000087100000| PB 0x0000000087100000| Complete 
| 114|0x0000000087200000, 0x0000000087300000, 0x0000000087300000|100%| S|CS|TAMS 0x0000000087200000| PB 0x0000000087200000| Complete 
| 115|0x0000000087300000, 0x0000000087300000, 0x0000000087400000|  0%| F|  |TAMS 0x0000000087300000| PB 0x0000000087300000| Untracked 
| 116|0x0000000087400000, 0x0000000087400000, 0x0000000087500000|  0%| F|  |TAMS 0x0000000087400000| PB 0x0000000087400000| Untracked 
| 117|0x0000000087500000, 0x0000000087500000, 0x0000000087600000|  0%| F|  |TAMS 0x0000000087500000| PB 0x0000000087500000| Untracked 
| 118|0x0000000087600000, 0x0000000087600000, 0x0000000087700000|  0%| F|  |TAMS 0x0000000087600000| PB 0x0000000087600000| Untracked 
| 119|0x0000000087700000, 0x0000000087700000, 0x0000000087800000|  0%| F|  |TAMS 0x0000000087700000| PB 0x0000000087700000| Untracked 
| 120|0x0000000087800000, 0x0000000087800000, 0x0000000087900000|  0%| F|  |TAMS 0x0000000087800000| PB 0x0000000087800000| Untracked 
| 121|0x0000000087900000, 0x0000000087900000, 0x0000000087a00000|  0%| F|  |TAMS 0x0000000087900000| PB 0x0000000087900000| Untracked 
| 122|0x0000000087a00000, 0x0000000087a00000, 0x0000000087b00000|  0%| F|  |TAMS 0x0000000087a00000| PB 0x0000000087a00000| Untracked 
| 123|0x0000000087b00000, 0x0000000087b00000, 0x0000000087c00000|  0%| F|  |TAMS 0x0000000087b00000| PB 0x0000000087b00000| Untracked 
| 124|0x0000000087c00000, 0x0000000087c00000, 0x0000000087d00000|  0%| F|  |TAMS 0x0000000087c00000| PB 0x0000000087c00000| Untracked 
| 125|0x0000000087d00000, 0x0000000087d00000, 0x0000000087e00000|  0%| F|  |TAMS 0x0000000087d00000| PB 0x0000000087d00000| Untracked 
| 126|0x0000000087e00000, 0x0000000087e00000, 0x0000000087f00000|  0%| F|  |TAMS 0x0000000087e00000| PB 0x0000000087e00000| Untracked 
| 127|0x0000000087f00000, 0x0000000087f00000, 0x0000000088000000|  0%| F|  |TAMS 0x0000000087f00000| PB 0x0000000087f00000| Untracked 
| 128|0x0000000088000000, 0x0000000088000000, 0x0000000088100000|  0%| F|  |TAMS 0x0000000088000000| PB 0x0000000088000000| Untracked 
| 129|0x0000000088100000, 0x0000000088100000, 0x0000000088200000|  0%| F|  |TAMS 0x0000000088100000| PB 0x0000000088100000| Untracked 
| 130|0x0000000088200000, 0x0000000088200000, 0x0000000088300000|  0%| F|  |TAMS 0x0000000088200000| PB 0x0000000088200000| Untracked 
| 131|0x0000000088300000, 0x0000000088300000, 0x0000000088400000|  0%| F|  |TAMS 0x0000000088300000| PB 0x0000000088300000| Untracked 
| 132|0x0000000088400000, 0x0000000088400000, 0x0000000088500000|  0%| F|  |TAMS 0x0000000088400000| PB 0x0000000088400000| Untracked 
| 133|0x0000000088500000, 0x0000000088500000, 0x0000000088600000|  0%| F|  |TAMS 0x0000000088500000| PB 0x0000000088500000| Untracked 
| 134|0x0000000088600000, 0x0000000088600000, 0x0000000088700000|  0%| F|  |TAMS 0x0000000088600000| PB 0x0000000088600000| Untracked 
| 160|0x000000008a000000, 0x000000008a000000, 0x000000008a100000|  0%| F|  |TAMS 0x000000008a000000| PB 0x000000008a000000| Untracked 
| 161|0x000000008a100000, 0x000000008a100000, 0x000000008a200000|  0%| F|  |TAMS 0x000000008a100000| PB 0x000000008a100000| Untracked 
| 162|0x000000008a200000, 0x000000008a200000, 0x000000008a300000|  0%| F|  |TAMS 0x000000008a200000| PB 0x000000008a200000| Untracked 
| 163|0x000000008a300000, 0x000000008a300000, 0x000000008a400000|  0%| F|  |TAMS 0x000000008a300000| PB 0x000000008a300000| Untracked 
| 164|0x000000008a400000, 0x000000008a400000, 0x000000008a500000|  0%| F|  |TAMS 0x000000008a400000| PB 0x000000008a400000| Untracked 
| 165|0x000000008a500000, 0x000000008a500000, 0x000000008a600000|  0%| F|  |TAMS 0x000000008a500000| PB 0x000000008a500000| Untracked 
| 166|0x000000008a600000, 0x000000008a600000, 0x000000008a700000|  0%| F|  |TAMS 0x000000008a600000| PB 0x000000008a600000| Untracked 
| 167|0x000000008a700000, 0x000000008a800000, 0x000000008a800000|100%| E|  |TAMS 0x000000008a700000| PB 0x000000008a700000| Complete 
| 168|0x000000008a800000, 0x000000008a900000, 0x000000008a900000|100%| E|CS|TAMS 0x000000008a800000| PB 0x000000008a800000| Complete 
| 169|0x000000008a900000, 0x000000008aa00000, 0x000000008aa00000|100%| E|CS|TAMS 0x000000008a900000| PB 0x000000008a900000| Complete 
| 170|0x000000008aa00000, 0x000000008ab00000, 0x000000008ab00000|100%| E|CS|TAMS 0x000000008aa00000| PB 0x000000008aa00000| Complete 
| 171|0x000000008ab00000, 0x000000008ac00000, 0x000000008ac00000|100%| E|CS|TAMS 0x000000008ab00000| PB 0x000000008ab00000| Complete 
| 172|0x000000008ac00000, 0x000000008ad00000, 0x000000008ad00000|100%| E|CS|TAMS 0x000000008ac00000| PB 0x000000008ac00000| Complete 
| 255|0x000000008ff00000, 0x0000000090000000, 0x0000000090000000|100%| E|CS|TAMS 0x000000008ff00000| PB 0x000000008ff00000| Complete 
|2040|0x00000000ff800000, 0x00000000ff900000, 0x00000000ff900000|100%| O|  |TAMS 0x00000000ff800000| PB 0x00000000ff800000| Untracked 
|2041|0x00000000ff900000, 0x00000000ffa00000, 0x00000000ffa00000|100%| O|  |TAMS 0x00000000ff900000| PB 0x00000000ff900000| Untracked 
|2042|0x00000000ffa00000, 0x00000000ffb00000, 0x00000000ffb00000|100%| O|  |TAMS 0x00000000ffa00000| PB 0x00000000ffa00000| Untracked 
|2043|0x00000000ffb00000, 0x00000000ffc00000, 0x00000000ffc00000|100%| O|  |TAMS 0x00000000ffb00000| PB 0x00000000ffb00000| Untracked 
|2044|0x00000000ffc00000, 0x00000000ffd00000, 0x00000000ffd00000|100%| O|  |TAMS 0x00000000ffc00000| PB 0x00000000ffc00000| Untracked 
|2045|0x00000000ffd00000, 0x00000000ffe00000, 0x00000000ffe00000|100%| O|  |TAMS 0x00000000ffd00000| PB 0x00000000ffd00000| Untracked 
|2046|0x00000000ffe00000, 0x00000000fff00000, 0x00000000fff00000|100%| O|  |TAMS 0x00000000ffe00000| PB 0x00000000ffe00000| Untracked 
|2047|0x00000000fff00000, 0x0000000100000000, 0x0000000100000000|100%| O|  |TAMS 0x00000000fff00000| PB 0x00000000fff00000| Untracked 

Card table byte_map: [0x0000017b731b0000,0x0000017b735b0000] _byte_map_base: 0x0000017b72db0000

Marking Bits: (CMBitMap*) 0x0000017b6fba37e0
 Bits: [0x0000017b735b0000, 0x0000017b755b0000)

Polling page: 0x0000017b6f1a0000

Metaspace:

Usage:
  Non-class:     57.17 MB used.
      Class:      9.34 MB used.
       Both:     66.51 MB used.

Virtual space:
  Non-class space:       64.00 MB reserved,      58.06 MB ( 91%) committed,  1 nodes.
      Class space:        1.00 GB reserved,      10.12 MB ( <1%) committed,  1 nodes.
             Both:        1.06 GB reserved,      68.19 MB (  6%) committed. 

Chunk freelists:
   Non-Class:  5.98 MB
       Class:  5.78 MB
        Both:  11.76 MB

MaxMetaspaceSize: unlimited
CompressedClassSpaceSize: 1.00 GB
Initial GC threshold: 21.00 MB
Current GC threshold: 104.38 MB
CDS: off
 - commit_granule_bytes: 65536.
 - commit_granule_words: 8192.
 - virtual_space_node_default_size: 8388608.
 - enlarge_chunks_in_place: 1.
 - use_allocation_guard: 0.


Internal statistics:

num_allocs_failed_limit: 6.
num_arena_births: 3122.
num_arena_deaths: 0.
num_vsnodes_births: 2.
num_vsnodes_deaths: 0.
num_space_committed: 1091.
num_space_uncommitted: 0.
num_chunks_returned_to_freelist: 6.
num_chunks_taken_from_freelist: 5880.
num_chunk_merges: 3.
num_chunk_splits: 3833.
num_chunks_enlarged: 2363.
num_inconsistent_stats: 0.

CodeHeap 'non-profiled nmethods': size=120000Kb used=3071Kb max_used=3071Kb free=116928Kb
 bounds [0x0000017b07ad0000, 0x0000017b07dd0000, 0x0000017b0f000000]
CodeHeap 'profiled nmethods': size=120000Kb used=10417Kb max_used=10417Kb free=109582Kb
 bounds [0x0000017b00000000, 0x0000017b00a30000, 0x0000017b07530000]
CodeHeap 'non-nmethods': size=5760Kb used=2738Kb max_used=2751Kb free=3021Kb
 bounds [0x0000017b07530000, 0x0000017b077f0000, 0x0000017b07ad0000]
CodeCache: size=245760Kb, used=16226Kb, max_used=16239Kb, free=229531Kb
 total_blobs=6411, nmethods=5526, adapters=789, full_count=0
Compilation: enabled, stopped_count=0, restarted_count=0

Compilation events (20 events):
Event: 6.347 Thread 0x0000017b77f4f720 nmethod 6318 0x0000017b00514390 code [0x0000017b00514560, 0x0000017b005149a8]
Event: 6.347 Thread 0x0000017b77f4f720 6319       3       org.tomlj.QuotedStringVisitor::aggregateResult (13 bytes)
Event: 6.347 Thread 0x0000017b77f4f720 nmethod 6319 0x0000017b00513d90 code [0x0000017b00513f40, 0x0000017b005142b8]
Event: 6.347 Thread 0x0000017b77f4f720 6320       3       org.tomlj.QuotedStringVisitor::aggregateResult (10 bytes)
Event: 6.347 Thread 0x0000017b77f4f720 nmethod 6320 0x0000017b00513a10 code [0x0000017b00513bc0, 0x0000017b00513d18]
Event: 6.347 Thread 0x0000017b77f4f720 6321       1       org.antlr.v4.runtime.CodePointCharStream::size (5 bytes)
Event: 6.347 Thread 0x0000017b77f4f720 nmethod 6321 0x0000017b07dcef90 code [0x0000017b07dcf120, 0x0000017b07dcf1e8]
Event: 6.347 Thread 0x0000017b77f4f720 6322       3       org.tomlj.QuotedStringVisitor::defaultResult (5 bytes)
Event: 6.347 Thread 0x0000017b77f4f720 nmethod 6322 0x0000017b00513690 code [0x0000017b00513820, 0x0000017b00513940]
Event: 6.347 Thread 0x0000017b77f4f720 6323       3       org.antlr.v4.runtime.tree.AbstractParseTreeVisitor::visitChildren (69 bytes)
Event: 6.347 Thread 0x0000017b77f4f720 nmethod 6323 0x0000017b00512b90 code [0x0000017b00512da0, 0x0000017b00513438]
Event: 6.348 Thread 0x0000017b77f4f720 6324       3       org.antlr.v4.runtime.RuleContext::getText (54 bytes)
Event: 6.348 Thread 0x0000017b77f4f720 nmethod 6324 0x0000017b00511e90 code [0x0000017b005120e0, 0x0000017b00512900]
Event: 6.348 Thread 0x0000017b77f4f720 6325       3       org.antlr.v4.runtime.tree.TerminalNodeImpl::getText (10 bytes)
Event: 6.348 Thread 0x0000017b77f4f720 nmethod 6325 0x0000017b00511a10 code [0x0000017b00511bc0, 0x0000017b00511d50]
Event: 6.348 Thread 0x0000017b77f4f720 6327       3       org.antlr.v4.runtime.CodePointCharStream$CodePoint8BitCharStream::getText (50 bytes)
Event: 6.348 Thread 0x0000017b77f4f720 nmethod 6327 0x0000017b00511390 code [0x0000017b00511560, 0x0000017b00511870]
Event: 6.348 Thread 0x0000017b77f4f720 6326       3       org.antlr.v4.runtime.CommonToken::getInputStream (11 bytes)
Event: 6.348 Thread 0x0000017b77f4f720 nmethod 6326 0x0000017b00510f10 code [0x0000017b005110c0, 0x0000017b005112d0]
Event: 6.348 Thread 0x0000017b77f4f720 6333       3       org.antlr.v4.runtime.CommonToken::getText (67 bytes)

GC Heap History (20 events):
Event: 3.536 GC heap before
{Heap before GC invocations=9 (full 0):
 garbage-first heap   total 73728K, used 72131K [0x0000000080000000, 0x0000000100000000)
  region size 1024K, 21 young (21504K), 3 survivors (3072K)
 Metaspace       used 36741K, committed 37632K, reserved 1114112K
  class space    used 5160K, committed 5568K, reserved 1048576K
}
Event: 3.540 GC heap after
{Heap after GC invocations=10 (full 0):
 garbage-first heap   total 82944K, used 60516K [0x0000000080000000, 0x0000000100000000)
  region size 1024K, 5 young (5120K), 5 survivors (5120K)
 Metaspace       used 36741K, committed 37632K, reserved 1114112K
  class space    used 5160K, committed 5568K, reserved 1048576K
}
Event: 3.687 GC heap before
{Heap before GC invocations=10 (full 0):
 garbage-first heap   total 82944K, used 70756K [0x0000000080000000, 0x0000000100000000)
  region size 1024K, 16 young (16384K), 5 survivors (5120K)
 Metaspace       used 38325K, committed 39232K, reserved 1114112K
  class space    used 5382K, committed 5824K, reserved 1048576K
}
Event: 3.689 GC heap after
{Heap after GC invocations=11 (full 0):
 garbage-first heap   total 100352K, used 61402K [0x0000000080000000, 0x0000000100000000)
  region size 1024K, 1 young (1024K), 1 survivors (1024K)
 Metaspace       used 38325K, committed 39232K, reserved 1114112K
  class space    used 5382K, committed 5824K, reserved 1048576K
}
Event: 4.015 GC heap before
{Heap before GC invocations=11 (full 0):
 garbage-first heap   total 100352K, used 88026K [0x0000000080000000, 0x0000000100000000)
  region size 1024K, 27 young (27648K), 1 survivors (1024K)
 Metaspace       used 42420K, committed 43328K, reserved 1114112K
  class space    used 5961K, committed 6400K, reserved 1048576K
}
Event: 4.017 GC heap after
{Heap after GC invocations=12 (full 0):
 garbage-first heap   total 100352K, used 63113K [0x0000000080000000, 0x0000000100000000)
  region size 1024K, 3 young (3072K), 3 survivors (3072K)
 Metaspace       used 42420K, committed 43328K, reserved 1114112K
  class space    used 5961K, committed 6400K, reserved 1048576K
}
Event: 4.261 GC heap before
{Heap before GC invocations=13 (full 0):
 garbage-first heap   total 107520K, used 88713K [0x0000000080000000, 0x0000000100000000)
  region size 1024K, 29 young (29696K), 3 survivors (3072K)
 Metaspace       used 46544K, committed 47488K, reserved 1114112K
  class space    used 6407K, committed 6848K, reserved 1048576K
}
Event: 4.265 GC heap after
{Heap after GC invocations=14 (full 0):
 garbage-first heap   total 107520K, used 66137K [0x0000000080000000, 0x0000000100000000)
  region size 1024K, 4 young (4096K), 4 survivors (4096K)
 Metaspace       used 46544K, committed 47488K, reserved 1114112K
  class space    used 6407K, committed 6848K, reserved 1048576K
}
Event: 4.550 GC heap before
{Heap before GC invocations=14 (full 0):
 garbage-first heap   total 107520K, used 99929K [0x0000000080000000, 0x0000000100000000)
  region size 1024K, 33 young (33792K), 4 survivors (4096K)
 Metaspace       used 49396K, committed 50496K, reserved 1114112K
  class space    used 6709K, committed 7232K, reserved 1048576K
}
Event: 4.554 GC heap after
{Heap after GC invocations=15 (full 0):
 garbage-first heap   total 109568K, used 69097K [0x0000000080000000, 0x0000000100000000)
  region size 1024K, 5 young (5120K), 5 survivors (5120K)
 Metaspace       used 49396K, committed 50496K, reserved 1114112K
  class space    used 6709K, committed 7232K, reserved 1048576K
}
Event: 4.796 GC heap before
{Heap before GC invocations=15 (full 0):
 garbage-first heap   total 109568K, used 97769K [0x0000000080000000, 0x0000000100000000)
  region size 1024K, 33 young (33792K), 5 survivors (5120K)
 Metaspace       used 52650K, committed 54016K, reserved 1114112K
  class space    used 7266K, committed 7936K, reserved 1048576K
}
Event: 4.800 GC heap after
{Heap after GC invocations=16 (full 0):
 garbage-first heap   total 132096K, used 71437K [0x0000000080000000, 0x0000000100000000)
  region size 1024K, 2 young (2048K), 2 survivors (2048K)
 Metaspace       used 52650K, committed 54016K, reserved 1114112K
  class space    used 7266K, committed 7936K, reserved 1048576K
}
Event: 5.264 GC heap before
{Heap before GC invocations=17 (full 0):
 garbage-first heap   total 132096K, used 116493K [0x0000000080000000, 0x0000000100000000)
  region size 1024K, 46 young (47104K), 2 survivors (2048K)
 Metaspace       used 57717K, committed 59264K, reserved 1114112K
  class space    used 8163K, committed 8896K, reserved 1048576K
}
Event: 5.267 GC heap after
{Heap after GC invocations=18 (full 0):
 garbage-first heap   total 132096K, used 74554K [0x0000000080000000, 0x0000000100000000)
  region size 1024K, 5 young (5120K), 5 survivors (5120K)
 Metaspace       used 57717K, committed 59264K, reserved 1114112K
  class space    used 8163K, committed 8896K, reserved 1048576K
}
Event: 5.723 GC heap before
{Heap before GC invocations=18 (full 0):
 garbage-first heap   total 132096K, used 130874K [0x0000000080000000, 0x0000000100000000)
  region size 1024K, 43 young (44032K), 5 survivors (5120K)
 Metaspace       used 60707K, committed 62336K, reserved 1114112K
  class space    used 8439K, committed 9216K, reserved 1048576K
}
Event: 5.728 GC heap after
{Heap after GC invocations=19 (full 0):
 garbage-first heap   total 141312K, used 94086K [0x0000000080000000, 0x0000000100000000)
  region size 1024K, 6 young (6144K), 6 survivors (6144K)
 Metaspace       used 60707K, committed 62336K, reserved 1114112K
  class space    used 8439K, committed 9216K, reserved 1048576K
}
Event: 5.924 GC heap before
{Heap before GC invocations=19 (full 0):
 garbage-first heap   total 141312K, used 126854K [0x0000000080000000, 0x0000000100000000)
  region size 1024K, 38 young (38912K), 6 survivors (6144K)
 Metaspace       used 62289K, committed 63872K, reserved 1114112K
  class space    used 8684K, committed 9472K, reserved 1048576K
}
Event: 5.928 GC heap after
{Heap after GC invocations=20 (full 0):
 garbage-first heap   total 141312K, used 95522K [0x0000000080000000, 0x0000000100000000)
  region size 1024K, 1 young (1024K), 1 survivors (1024K)
 Metaspace       used 62289K, committed 63872K, reserved 1114112K
  class space    used 8684K, committed 9472K, reserved 1048576K
}
Event: 6.267 GC heap before
{Heap before GC invocations=21 (full 0):
 garbage-first heap   total 160768K, used 130338K [0x0000000080000000, 0x0000000100000000)
  region size 1024K, 35 young (35840K), 1 survivors (1024K)
 Metaspace       used 66898K, committed 68544K, reserved 1114112K
  class space    used 9374K, committed 10176K, reserved 1048576K
}
Event: 6.269 GC heap after
{Heap after GC invocations=22 (full 0):
 garbage-first heap   total 160768K, used 96600K [0x0000000080000000, 0x0000000100000000)
  region size 1024K, 2 young (2048K), 2 survivors (2048K)
 Metaspace       used 66898K, committed 68544K, reserved 1114112K
  class space    used 9374K, committed 10176K, reserved 1048576K
}

Dll operation events (3 events):
Event: 0.007 Loaded shared library C:\Users\Mark Paul\AppData\Local\Programs\Android Studio\jbr\bin\java.dll
Event: 0.012 Loaded shared library C:\Users\Mark Paul\AppData\Local\Programs\Android Studio\jbr\bin\zip.dll
Event: 0.503 Loaded shared library C:\Users\Mark Paul\AppData\Local\Programs\Android Studio\jbr\bin\verify.dll

Deoptimization events (20 events):
Event: 6.200 Thread 0x0000017b7e473b60 Uncommon trap: trap_request=0xffffff45 fr.pc=0x0000017b07b88034 relative=0x00000000000001f4
Event: 6.200 Thread 0x0000017b7e473b60 Uncommon trap: reason=unstable_if action=reinterpret pc=0x0000017b07b88034 method=java.net.URI$Parser.scan(IILjava/lang/String;)I @ 26 c2
Event: 6.200 Thread 0x0000017b7e473b60 DEOPT PACKING pc=0x0000017b07b88034 sp=0x0000006b07af8690
Event: 6.200 Thread 0x0000017b7e473b60 DEOPT UNPACKING pc=0x0000017b075846a2 sp=0x0000006b07af8620 mode 2
Event: 6.200 Thread 0x0000017b7e473b60 Uncommon trap: trap_request=0xffffff45 fr.pc=0x0000017b07b5c3ec relative=0x000000000000014c
Event: 6.200 Thread 0x0000017b7e473b60 Uncommon trap: reason=unstable_if action=reinterpret pc=0x0000017b07b5c3ec method=java.net.URI.match(CJJ)Z @ 45 c2
Event: 6.200 Thread 0x0000017b7e473b60 DEOPT PACKING pc=0x0000017b07b5c3ec sp=0x0000006b07af8400
Event: 6.200 Thread 0x0000017b7e473b60 DEOPT UNPACKING pc=0x0000017b075846a2 sp=0x0000006b07af8328 mode 2
Event: 6.202 Thread 0x0000017b7e473b60 Uncommon trap: trap_request=0xffffff45 fr.pc=0x0000017b07b0c450 relative=0x00000000000000b0
Event: 6.202 Thread 0x0000017b7e473b60 Uncommon trap: reason=unstable_if action=reinterpret pc=0x0000017b07b0c450 method=java.net.URI.match(CJJ)Z @ 45 c2
Event: 6.202 Thread 0x0000017b7e473b60 DEOPT PACKING pc=0x0000017b07b0c450 sp=0x0000006b07af8390
Event: 6.202 Thread 0x0000017b7e473b60 DEOPT UNPACKING pc=0x0000017b075846a2 sp=0x0000006b07af8320 mode 2
Event: 6.247 Thread 0x0000017b7e473b60 Uncommon trap: trap_request=0xffffffc6 fr.pc=0x0000017b07cde4c0 relative=0x0000000000000260
Event: 6.247 Thread 0x0000017b7e473b60 Uncommon trap: reason=bimorphic_or_optimized_type_check action=maybe_recompile pc=0x0000017b07cde4c0 method=java.util.Spliterators$IteratorSpliterator.tryAdvance(Ljava/util/function/Consumer;)Z @ 50 c2
Event: 6.247 Thread 0x0000017b7e473b60 DEOPT PACKING pc=0x0000017b07cde4c0 sp=0x0000006b07af9af0
Event: 6.247 Thread 0x0000017b7e473b60 DEOPT UNPACKING pc=0x0000017b075846a2 sp=0x0000006b07af9a90 mode 2
Event: 6.257 Thread 0x0000017b7e473b60 Uncommon trap: trap_request=0xffffff45 fr.pc=0x0000017b07d3ad54 relative=0x0000000000001354
Event: 6.257 Thread 0x0000017b7e473b60 Uncommon trap: reason=unstable_if action=reinterpret pc=0x0000017b07d3ad54 method=java.io.BufferedInputStream.implRead([BII)I @ 55 c2
Event: 6.257 Thread 0x0000017b7e473b60 DEOPT PACKING pc=0x0000017b07d3ad54 sp=0x0000006b07af95a0
Event: 6.257 Thread 0x0000017b7e473b60 DEOPT UNPACKING pc=0x0000017b075846a2 sp=0x0000006b07af9508 mode 2

Classes loaded (20 events):
Event: 6.216 Loading class javax/net/ssl/X509TrustManager
Event: 6.216 Loading class javax/net/ssl/X509TrustManager done
Event: 6.218 Loading class javax/net/ssl/SSLPeerUnverifiedException
Event: 6.218 Loading class javax/net/ssl/SSLException
Event: 6.218 Loading class javax/net/ssl/SSLException done
Event: 6.218 Loading class javax/net/ssl/SSLPeerUnverifiedException done
Event: 6.218 Loading class java/security/cert/CertificateParsingException
Event: 6.218 Loading class java/security/cert/CertificateException
Event: 6.218 Loading class java/security/cert/CertificateException done
Event: 6.218 Loading class java/security/cert/CertificateParsingException done
Event: 6.218 Loading class javax/naming/NamingException
Event: 6.218 Loading class javax/naming/NamingException done
Event: 6.218 Loading class javax/naming/InvalidNameException
Event: 6.218 Loading class javax/naming/InvalidNameException done
Event: 6.254 Loading class java/nio/channels/Channels$ReadableByteChannelImpl
Event: 6.254 Loading class java/nio/channels/Channels$ReadableByteChannelImpl done
Event: 6.265 Loading class java/util/EmptyStackException
Event: 6.265 Loading class java/util/EmptyStackException done
Event: 6.277 Loading class java/io/InvalidClassException
Event: 6.277 Loading class java/io/InvalidClassException done

Classes unloaded (0 events):
No events

Classes redefined (0 events):
No events

Internal exceptions (20 events):
Event: 5.485 Thread 0x0000017b7e473b60 Exception <a 'java/lang/ClassNotFoundException'{0x0000000086b6f1b8}: org/gradle/internal/extensibility/DefaultConventionCustomizer> (0x0000000086b6f1b8) 
thrown [s\src\hotspot\share\classfile\systemDictionary.cpp, line 312]
Event: 5.495 Thread 0x0000017b7e473b60 Exception <a 'java/lang/ClassNotFoundException'{0x0000000086a0f010}: com/intellij/gradle/toolingExtension/impl/modelBuilder/ExtraModelBuilderBeanInfo> (0x0000000086a0f010) 
thrown [s\src\hotspot\share\classfile\systemDictionary.cpp, line 312]
Event: 5.495 Thread 0x0000017b7e473b60 Exception <a 'java/lang/ClassNotFoundException'{0x0000000086a1aaa0}: com/intellij/gradle/toolingExtension/impl/modelBuilder/ExtraModelBuilderCustomizer> (0x0000000086a1aaa0) 
thrown [s\src\hotspot\share\classfile\systemDictionary.cpp, line 312]
Event: 5.638 Thread 0x0000017b7e473b60 Exception <a 'java/lang/IncompatibleClassChangeError'{0x000000008608dcc8}: Found class java.lang.Object, but interface was expected> (0x000000008608dcc8) 
thrown [s\src\hotspot\share\interpreter\linkResolver.cpp, line 851]
Event: 5.641 Thread 0x0000017b7e473b60 Exception <a 'sun/nio/fs/WindowsException'{0x00000000860bdd40}> (0x00000000860bdd40) 
thrown [s\src\hotspot\share\prims\jni.cpp, line 537]
Event: 5.641 Thread 0x0000017b7e473b60 Exception <a 'sun/nio/fs/WindowsException'{0x00000000860bf588}> (0x00000000860bf588) 
thrown [s\src\hotspot\share\prims\jni.cpp, line 537]
Event: 5.641 Thread 0x0000017b7e473b60 Exception <a 'sun/nio/fs/WindowsException'{0x00000000860c0d90}> (0x00000000860c0d90) 
thrown [s\src\hotspot\share\prims\jni.cpp, line 537]
Event: 5.642 Thread 0x0000017b7e473b60 Exception <a 'sun/nio/fs/WindowsException'{0x00000000860c2598}> (0x00000000860c2598) 
thrown [s\src\hotspot\share\prims\jni.cpp, line 537]
Event: 5.643 Thread 0x0000017b7e473b60 Exception <a 'java/lang/NoSuchMethodError'{0x00000000860d7190}: 'java.lang.Object java.lang.invoke.Invokers$Holder.invoker(java.lang.Object, java.lang.Object, java.lang.Object, java.lang.Object, java.lang.Object, java.lang.Object)'> (0x00000000860d7190) 
thrown [s\src\hotspot\share\interpreter\linkResolver.cpp, line 784]
Event: 5.659 Thread 0x0000017b7e473b60 Exception <a 'java/lang/NoSuchMethodError'{0x0000000085fec9e0}: 'java.lang.Object java.lang.invoke.Invokers$Holder.invoker(java.lang.Object, java.lang.Object, java.lang.Object, java.lang.Object, java.lang.Object, java.lang.Object, java.lang.Object, java.lang.Object, java.lang.Object, java.lang.Object, java.lang.Object, java.lang.Object, java.lang.Object, java.lang.Object, java.lang.Object, java.lang.Object, java.lang.Object, java.lang.Object, java.lang.Object, java.lang.Object, java.lang.Object, java.lang.
Event: 5.659 Thread 0x0000017b7e473b60 Exception <a 'java/lang/NoSuchMethodError'{0x0000000085ff35a8}: 'java.lang.Object java.lang.invoke.DelegatingMethodHandle$Holder.delegate(java.lang.Object, java.lang.Object, java.lang.Object, java.lang.Object, java.lang.Object, java.lang.Object, java.lang.Object, java.lang.Object, java.lang.Object, java.lang.Object, java.lang.Object, java.lang.Object, java.lang.Object, java.lang.Object, java.lang.Object, java.lang.Object, java.lang.Object, java.lang.Object, java.lang.Object, java.lang.Object, java.lang.Obj
Event: 5.870 Thread 0x0000017b7e473b60 Exception <a 'java/lang/IncompatibleClassChangeError'{0x0000000086068af0}: Found class java.lang.Object, but interface was expected> (0x0000000086068af0) 
thrown [s\src\hotspot\share\interpreter\linkResolver.cpp, line 851]
Event: 6.186 Thread 0x0000017b7e179a40 Exception <a 'java/lang/NoSuchMethodError'{0x0000000087914d98}: static Lorg/gradle/internal/build/event/types/DefaultOperationStartedProgressEvent;.<clinit>()V> (0x0000000087914d98) 
thrown [s\src\hotspot\share\prims\jni.cpp, line 1144]
Event: 6.186 Thread 0x0000017b7e179a40 Exception <a 'java/lang/NoSuchMethodError'{0x0000000087916858}: static Lorg/gradle/internal/build/event/types/AbstractProgressEvent;.<clinit>()V> (0x0000000087916858) 
thrown [s\src\hotspot\share\prims\jni.cpp, line 1144]
Event: 6.187 Thread 0x0000017b7e179a40 Exception <a 'java/lang/NoSuchMethodError'{0x000000008792b790}: static Lorg/gradle/internal/build/event/types/DefaultBuildPhaseDescriptor;.<clinit>()V> (0x000000008792b790) 
thrown [s\src\hotspot\share\prims\jni.cpp, line 1144]
Event: 6.187 Thread 0x0000017b7e179a40 Exception <a 'java/lang/NoSuchMethodError'{0x000000008792f348}: static Lorg/gradle/internal/build/event/types/DefaultOperationDescriptor;.<clinit>()V> (0x000000008792f348) 
thrown [s\src\hotspot\share\prims\jni.cpp, line 1144]
Event: 6.189 Thread 0x0000017b7e179a40 Exception <a 'java/lang/NoSuchMethodError'{0x00000000879ce7a8}: static Lorg/gradle/internal/operations/OperationIdentifier;.<clinit>()V> (0x00000000879ce7a8) 
thrown [s\src\hotspot\share\prims\jni.cpp, line 1144]
Event: 6.245 Thread 0x0000017b7e473b60 Exception <a 'sun/nio/fs/WindowsException'{0x0000000087494df0}> (0x0000000087494df0) 
thrown [s\src\hotspot\share\prims\jni.cpp, line 537]
Event: 6.245 Thread 0x0000017b7e473b60 Exception <a 'sun/nio/fs/WindowsException'{0x0000000087496850}> (0x0000000087496850) 
thrown [s\src\hotspot\share\prims\jni.cpp, line 537]
Event: 6.246 Thread 0x0000017b7e473b60 Exception <a 'sun/nio/fs/WindowsException'{0x000000008749ff58}> (0x000000008749ff58) 
thrown [s\src\hotspot\share\prims\jni.cpp, line 537]

ZGC Phase Switch (0 events):
No events

VM Operations (20 events):
Event: 5.142 Executing VM operation: HandshakeAllThreads (Deoptimize)
Event: 5.142 Executing VM operation: HandshakeAllThreads (Deoptimize) done
Event: 5.254 Executing VM operation: ICBufferFull
Event: 5.255 Executing VM operation: ICBufferFull done
Event: 5.264 Executing VM operation: G1CollectForAllocation (G1 Evacuation Pause)
Event: 5.267 Executing VM operation: G1CollectForAllocation (G1 Evacuation Pause) done
Event: 5.466 Executing VM operation: ICBufferFull
Event: 5.466 Executing VM operation: ICBufferFull done
Event: 5.477 Executing VM operation: HandshakeAllThreads (Deoptimize)
Event: 5.477 Executing VM operation: HandshakeAllThreads (Deoptimize) done
Event: 5.723 Executing VM operation: G1CollectForAllocation (G1 Evacuation Pause)
Event: 5.728 Executing VM operation: G1CollectForAllocation (G1 Evacuation Pause) done
Event: 5.924 Executing VM operation: G1CollectForAllocation (G1 Evacuation Pause)
Event: 5.928 Executing VM operation: G1CollectForAllocation (G1 Evacuation Pause) done
Event: 5.948 Executing VM operation: G1PauseRemark
Event: 5.951 Executing VM operation: G1PauseRemark done
Event: 5.961 Executing VM operation: G1PauseCleanup
Event: 5.962 Executing VM operation: G1PauseCleanup done
Event: 6.267 Executing VM operation: G1CollectForAllocation (G1 Evacuation Pause)
Event: 6.269 Executing VM operation: G1CollectForAllocation (G1 Evacuation Pause) done

Memory protections (0 events):
No events

Nmethod flushes (20 events):
Event: 5.951 Thread 0x0000017b77e03b80 flushing  nmethod 0x0000017b001e3310
Event: 5.951 Thread 0x0000017b77e03b80 flushing  nmethod 0x0000017b001e4a90
Event: 5.951 Thread 0x0000017b77e03b80 flushing  nmethod 0x0000017b001e5490
Event: 5.951 Thread 0x0000017b77e03b80 flushing  nmethod 0x0000017b001e6410
Event: 5.951 Thread 0x0000017b77e03b80 flushing  nmethod 0x0000017b0031ae90
Event: 5.951 Thread 0x0000017b77e03b80 flushing  nmethod 0x0000017b0031f210
Event: 5.951 Thread 0x0000017b77e03b80 flushing  nmethod 0x0000017b0035e290
Event: 5.951 Thread 0x0000017b77e03b80 flushing  nmethod 0x0000017b00361210
Event: 5.951 Thread 0x0000017b77e03b80 flushing  nmethod 0x0000017b003c7590
Event: 5.951 Thread 0x0000017b77e03b80 flushing  nmethod 0x0000017b003cb010
Event: 5.951 Thread 0x0000017b77e03b80 flushing  nmethod 0x0000017b003f9f90
Event: 5.951 Thread 0x0000017b77e03b80 flushing  nmethod 0x0000017b0042da90
Event: 5.951 Thread 0x0000017b77e03b80 flushing  nmethod 0x0000017b00499c90
Event: 5.951 Thread 0x0000017b77e03b80 flushing  nmethod 0x0000017b004d7890
Event: 5.951 Thread 0x0000017b77e03b80 flushing  nmethod 0x0000017b00599a10
Event: 5.951 Thread 0x0000017b77e03b80 flushing  nmethod 0x0000017b005f6810
Event: 5.951 Thread 0x0000017b77e03b80 flushing  nmethod 0x0000017b005f7110
Event: 5.951 Thread 0x0000017b77e03b80 flushing  nmethod 0x0000017b005fbd90
Event: 5.951 Thread 0x0000017b77e03b80 flushing  nmethod 0x0000017b0068ef90
Event: 5.951 Thread 0x0000017b77e03b80 flushing  nmethod 0x0000017b00711b90

Events (20 events):
Event: 3.303 Thread 0x0000017b7e473b60 Thread added: 0x0000017b7e5b1110
Event: 3.303 Thread 0x0000017b7e473b60 Thread added: 0x0000017b7e5adc90
Event: 4.324 Thread 0x0000017b7e473b60 Thread added: 0x0000017b7e5b17a0
Event: 4.346 Thread 0x0000017b7e473b60 Thread added: 0x0000017b7e5b1e30
Event: 4.710 Thread 0x0000017b7e473b60 Thread added: 0x0000017b7e5af6d0
Event: 4.742 Thread 0x0000017b7e473b60 Thread added: 0x0000017b7e5af040
Event: 5.168 Thread 0x0000017b7e473b60 Thread added: 0x0000017b7e5b3f00
Event: 5.169 Thread 0x0000017b7e473b60 Thread added: 0x0000017b7e5b4590
Event: 5.200 Thread 0x0000017b7e473b60 Thread added: 0x0000017b7e5b4c20
Event: 5.200 Thread 0x0000017b7e473b60 Thread added: 0x0000017b7e5b2b50
Event: 5.330 Thread 0x0000017b7e473b60 Thread added: 0x0000017b7e5b3870
Event: 5.330 Thread 0x0000017b7e473b60 Thread added: 0x0000017b104c7810
Event: 5.330 Thread 0x0000017b7e473b60 Thread added: 0x0000017b104c98e0
Event: 5.330 Thread 0x0000017b7e473b60 Thread added: 0x0000017b104c9f70
Event: 5.331 Thread 0x0000017b7e473b60 Thread added: 0x0000017b104ca600
Event: 5.343 Thread 0x0000017b7e473b60 Thread added: 0x0000017b104c9250
Event: 5.344 Thread 0x0000017b7e473b60 Thread added: 0x0000017b104c7180
Event: 5.344 Thread 0x0000017b7e473b60 Thread added: 0x0000017b104cac90
Event: 5.345 Thread 0x0000017b7e473b60 Thread added: 0x0000017b104cb320
Event: 5.346 Thread 0x0000017b7e473b60 Thread added: 0x0000017b104c7ea0


Dynamic libraries:
0x00007ff744d90000 - 0x00007ff744d9a000 	C:\Users\Mark Paul\AppData\Local\Programs\Android Studio\jbr\bin\java.exe
0x00007fffe86a0000 - 0x00007fffe8908000 	C:\WINDOWS\SYSTEM32\ntdll.dll
0x00007fffe6570000 - 0x00007fffe6639000 	C:\WINDOWS\System32\KERNEL32.DLL
0x00007fffe6070000 - 0x00007fffe6462000 	C:\WINDOWS\System32\KERNELBASE.dll
0x00007fffe5ba0000 - 0x00007fffe5ceb000 	C:\WINDOWS\System32\ucrtbase.dll
0x00007fffdd1a0000 - 0x00007fffdd1b8000 	C:\Users\Mark Paul\AppData\Local\Programs\Android Studio\jbr\bin\jli.dll
0x00007fffd6270000 - 0x00007fffd628b000 	C:\Users\Mark Paul\AppData\Local\Programs\Android Studio\jbr\bin\VCRUNTIME140.dll
0x00007fffe7140000 - 0x00007fffe7305000 	C:\WINDOWS\System32\USER32.dll
0x00007fffd02b0000 - 0x00007fffd0543000 	C:\WINDOWS\WinSxS\amd64_microsoft.windows.common-controls_6595b64144ccf1df_6.0.26100.6899_none_3e0efeeae32e88c1\COMCTL32.dll
0x00007fffe5ad0000 - 0x00007fffe5af7000 	C:\WINDOWS\System32\win32u.dll
0x00007fffe7ab0000 - 0x00007fffe7b59000 	C:\WINDOWS\System32\msvcrt.dll
0x00007fffe7090000 - 0x00007fffe70bb000 	C:\WINDOWS\System32\GDI32.dll
0x00007fffe59a0000 - 0x00007fffe5acd000 	C:\WINDOWS\System32\gdi32full.dll
0x00007fffe5f00000 - 0x00007fffe5fa3000 	C:\WINDOWS\System32\msvcp_win.dll
0x00007fffe6790000 - 0x00007fffe67bf000 	C:\WINDOWS\System32\IMM32.DLL
0x00007fffdd390000 - 0x00007fffdd39c000 	C:\Users\Mark Paul\AppData\Local\Programs\Android Studio\jbr\bin\vcruntime140_1.dll
0x00007fffc01b0000 - 0x00007fffc023d000 	C:\Users\Mark Paul\AppData\Local\Programs\Android Studio\jbr\bin\msvcp140.dll
0x00007fff8d790000 - 0x00007fff8e426000 	C:\Users\Mark Paul\AppData\Local\Programs\Android Studio\jbr\bin\server\jvm.dll
0x00007fffe7310000 - 0x00007fffe73c4000 	C:\WINDOWS\System32\ADVAPI32.dll
0x00007fffe6fe0000 - 0x00007fffe7086000 	C:\WINDOWS\System32\sechost.dll
0x00007fffe7b70000 - 0x00007fffe7c88000 	C:\WINDOWS\System32\RPCRT4.dll
0x00007fffe70c0000 - 0x00007fffe7134000 	C:\WINDOWS\System32\WS2_32.dll
0x00007fffe5690000 - 0x00007fffe56ee000 	C:\WINDOWS\SYSTEM32\POWRPROF.dll
0x00007fffd7a00000 - 0x00007fffd7a35000 	C:\WINDOWS\SYSTEM32\WINMM.dll
0x00007fffdce90000 - 0x00007fffdce9b000 	C:\WINDOWS\SYSTEM32\VERSION.dll
0x00007fffe5670000 - 0x00007fffe5684000 	C:\WINDOWS\SYSTEM32\UMPDC.dll
0x00007fffe45c0000 - 0x00007fffe45db000 	C:\WINDOWS\SYSTEM32\kernel.appcore.dll
0x00007fffdc9a0000 - 0x00007fffdc9aa000 	C:\Users\Mark Paul\AppData\Local\Programs\Android Studio\jbr\bin\jimage.dll
0x00007fffd0610000 - 0x00007fffd0852000 	C:\WINDOWS\SYSTEM32\DBGHELP.DLL
0x00007fffe82e0000 - 0x00007fffe865b000 	C:\WINDOWS\System32\combase.dll
0x00007fffe73d0000 - 0x00007fffe74a7000 	C:\WINDOWS\System32\OLEAUT32.dll
0x00007fffc5e10000 - 0x00007fffc5e4c000 	C:\WINDOWS\SYSTEM32\dbgcore.DLL
0x00007fffe5b00000 - 0x00007fffe5b98000 	C:\WINDOWS\System32\bcryptPrimitives.dll
0x00007fffdec70000 - 0x00007fffdec7e000 	C:\Users\Mark Paul\AppData\Local\Programs\Android Studio\jbr\bin\instrument.dll
0x00007fffd2100000 - 0x00007fffd2120000 	C:\Users\Mark Paul\AppData\Local\Programs\Android Studio\jbr\bin\java.dll
0x00007fffd20e0000 - 0x00007fffd20f8000 	C:\Users\Mark Paul\AppData\Local\Programs\Android Studio\jbr\bin\zip.dll
0x00007fffe67d0000 - 0x00007fffe6f1d000 	C:\WINDOWS\System32\SHELL32.dll
0x00007fffe5830000 - 0x00007fffe599b000 	C:\WINDOWS\System32\wintypes.dll
0x00007fffe3460000 - 0x00007fffe3cbd000 	C:\WINDOWS\SYSTEM32\windows.storage.dll
0x00007fffe6470000 - 0x00007fffe6562000 	C:\WINDOWS\System32\SHCORE.dll
0x00007fffe74c0000 - 0x00007fffe7522000 	C:\WINDOWS\System32\shlwapi.dll
0x00007fffe5750000 - 0x00007fffe5779000 	C:\WINDOWS\SYSTEM32\profapi.dll
0x00007fffd7950000 - 0x00007fffd7960000 	C:\Users\Mark Paul\AppData\Local\Programs\Android Studio\jbr\bin\net.dll
0x00007fffdeb40000 - 0x00007fffdec5f000 	C:\WINDOWS\SYSTEM32\WINHTTP.dll
0x00007fffe4b10000 - 0x00007fffe4b7b000 	C:\WINDOWS\system32\mswsock.dll
0x00007fffc6410000 - 0x00007fffc6426000 	C:\Users\Mark Paul\AppData\Local\Programs\Android Studio\jbr\bin\nio.dll
0x00007fffd20d0000 - 0x00007fffd20e0000 	C:\Users\Mark Paul\AppData\Local\Programs\Android Studio\jbr\bin\verify.dll
0x00007fffdd1f0000 - 0x00007fffdd217000 	C:\Users\Mark Paul\.gradle\native\1def1411415f61bf3af743bc5b6707747c0891f09f0c88961ee8f79bc544acac\windows-amd64\native-platform.dll
0x00007fffd61d0000 - 0x00007fffd6248000 	C:\Users\Mark Paul\.gradle\native\0.2.7\x86_64-windows-gnu\gradle-fileevents.dll
0x00007fffd5a90000 - 0x00007fffd5a99000 	C:\Users\Mark Paul\AppData\Local\Programs\Android Studio\jbr\bin\management.dll
0x00007fffd28b0000 - 0x00007fffd28bb000 	C:\Users\Mark Paul\AppData\Local\Programs\Android Studio\jbr\bin\management_ext.dll
0x00007fffe74b0000 - 0x00007fffe74b8000 	C:\WINDOWS\System32\PSAPI.DLL
0x00007fffe3fc0000 - 0x00007fffe3ff4000 	C:\WINDOWS\SYSTEM32\IPHLPAPI.DLL
0x00007fffe6f50000 - 0x00007fffe6f5a000 	C:\WINDOWS\System32\NSI.dll
0x00007fffd6390000 - 0x00007fffd6399000 	C:\Users\Mark Paul\AppData\Local\Programs\Android Studio\jbr\bin\extnet.dll
0x00007fffe4ef0000 - 0x00007fffe4f0b000 	C:\WINDOWS\SYSTEM32\CRYPTSP.dll
0x00007fffe4520000 - 0x00007fffe455b000 	C:\WINDOWS\system32\rsaenh.dll
0x00007fffe4bb0000 - 0x00007fffe4bdb000 	C:\WINDOWS\SYSTEM32\USERENV.dll
0x00007fffe5720000 - 0x00007fffe5746000 	C:\WINDOWS\SYSTEM32\bcrypt.dll
0x00007fffe4d50000 - 0x00007fffe4d5c000 	C:\WINDOWS\SYSTEM32\CRYPTBASE.dll
0x00007fffd7590000 - 0x00007fffd7598000 	C:\WINDOWS\system32\wshunix.dll

JVMTI agents:
C:\Users\Mark Paul\.gradle\wrapper\dists\gradle-8.14.3-bin\cv11ve7ro1n3o1j4so8xd9n66\gradle-8.14.3\lib\agents\gradle-instrumentation-agent-8.14.3.jar path:C:\Users\Mark Paul\AppData\Local\Programs\Android Studio\jbr\bin\instrument.dll, loaded, initialized, instrumentlib options:none

dbghelp: loaded successfully - version: 4.0.5 - missing functions: none
symbol engine: initialized successfully - sym options: 0x614 - pdb path: .;C:\Users\Mark Paul\AppData\Local\Programs\Android Studio\jbr\bin;C:\WINDOWS\SYSTEM32;C:\WINDOWS\WinSxS\amd64_microsoft.windows.common-controls_6595b64144ccf1df_6.0.26100.6899_none_3e0efeeae32e88c1;C:\Users\Mark Paul\AppData\Local\Programs\Android Studio\jbr\bin\server;C:\Users\Mark Paul\.gradle\native\1def1411415f61bf3af743bc5b6707747c0891f09f0c88961ee8f79bc544acac\windows-amd64;C:\Users\Mark Paul\.gradle\native\0.2.7\x86_64-windows-gnu

VM Arguments:
jvm_args: --add-opens=java.base/java.lang=ALL-UNNAMED --add-opens=java.base/java.lang.invoke=ALL-UNNAMED --add-opens=java.base/java.util=ALL-UNNAMED --add-opens=java.prefs/java.util.prefs=ALL-UNNAMED --add-exports=jdk.compiler/com.sun.tools.javac.api=ALL-UNNAMED --add-exports=jdk.compiler/com.sun.tools.javac.util=ALL-UNNAMED --add-opens=java.base/java.util=ALL-UNNAMED --add-opens=java.prefs/java.util.prefs=ALL-UNNAMED --add-opens=java.base/java.nio.charset=ALL-UNNAMED --add-opens=java.base/java.net=ALL-UNNAMED --add-opens=java.base/java.util.concurrent.atomic=ALL-UNNAMED --add-opens=java.xml/javax.xml.namespace=ALL-UNNAMED -Xmx2048m -Dfile.encoding=UTF-8 -Duser.country=PH -Duser.language=en -Duser.variant -javaagent:C:\Users\Mark Paul\.gradle\wrapper\dists\gradle-8.14.3-bin\cv11ve7ro1n3o1j4so8xd9n66\gradle-8.14.3\lib\agents\gradle-instrumentation-agent-8.14.3.jar 
java_command: org.gradle.launcher.daemon.bootstrap.GradleDaemon 8.14.3
java_class_path (initial): C:\Users\Mark Paul\.gradle\wrapper\dists\gradle-8.14.3-bin\cv11ve7ro1n3o1j4so8xd9n66\gradle-8.14.3\lib\gradle-daemon-main-8.14.3.jar
Launcher Type: SUN_STANDARD

[Global flags]
     intx CICompilerCount                          = 3                                         {product} {ergonomic}
     uint ConcGCThreads                            = 2                                         {product} {ergonomic}
     uint G1ConcRefinementThreads                  = 6                                         {product} {ergonomic}
   size_t G1HeapRegionSize                         = 1048576                                   {product} {ergonomic}
    uintx GCDrainStackTargetSize                   = 64                                        {product} {ergonomic}
   size_t InitialHeapSize                          = 268435456                                 {product} {ergonomic}
   size_t MarkStackSize                            = 4194304                                   {product} {ergonomic}
   size_t MaxHeapSize                              = 2147483648                                {product} {command line}
   size_t MaxNewSize                               = 1287651328                                {product} {ergonomic}
   size_t MinHeapDeltaBytes                        = 1048576                                   {product} {ergonomic}
   size_t MinHeapSize                              = 8388608                                   {product} {ergonomic}
    uintx NonNMethodCodeHeapSize                   = 5832780                                {pd product} {ergonomic}
    uintx NonProfiledCodeHeapSize                  = 122912730                              {pd product} {ergonomic}
    uintx ProfiledCodeHeapSize                     = 122912730                              {pd product} {ergonomic}
    uintx ReservedCodeCacheSize                    = 251658240                              {pd product} {ergonomic}
     bool SegmentedCodeCache                       = true                                      {product} {ergonomic}
   size_t SoftMaxHeapSize                          = 2147483648                             {manageable} {ergonomic}
     bool UseCompressedOops                        = true                           {product lp64_product} {ergonomic}
     bool UseG1GC                                  = true                                      {product} {ergonomic}
     bool UseLargePagesIndividualAllocation        = false                                  {pd product} {ergonomic}

Logging:
Log output configuration:
 #0: stdout all=warning uptime,level,tags foldmultilines=false
 #1: stderr all=off uptime,level,tags foldmultilines=false

Environment Variables:
PATH=C:\Python314\Scripts\;C:\Python314\;C:\Program Files (x86)\Common Files\Intel\Shared Libraries\redist\intel64\compiler;C:\WINDOWS\system32;C:\WINDOWS;C:\WINDOWS\System32\Wbem;C:\WINDOWS\System32\WindowsPowerShell\v1.0\;C:\WINDOWS\System32\OpenSSH\;C:\Program Files\dotnet\;C:\Program Files (x86)\NVIDIA Corporation\PhysX\Common;C:\Program Files\NVIDIA Corporation\NVIDIA NvDLISR;C:\WINDOWS\system32;C:\WINDOWS;C:\WINDOWS\System32\Wbem;C:\WINDOWS\System32\WindowsPowerShell\v1.0\;C:\WINDOWS\System32\OpenSSH\;C:\Program Files\Git\cmd;C:\Program Files\nodejs\;C:\ProgramData\chocolatey\bin;C:\Users\Mark Paul\AppData\Local\Programs\Python\Python313\Scripts\;C:\Users\Mark Paul\AppData\Local\Programs\Python\Python313\;C:\Users\Mark Paul\AppData\Local\Programs\Python\Launcher\;C:\Users\Mark Paul\AppData\Local\Microsoft\WindowsApps;C:\xampp\php;C:\Program Files\JetBrains\PyCharm Community Edition 2024.1.2\bin;C:\Users\Mark Paul\AppData\Local\JetBrains\Toolbox\scripts;C:\Users\Mark Paul\AppData\Local\Programs\Microsoft VS Code\bin;C:\Users\Mark Paul\AppData\Roaming\npm
USERNAME=Mark Paul
OS=Windows_NT
PROCESSOR_IDENTIFIER=AMD64 Family 23 Model 113 Stepping 0, AuthenticAMD
TMP=C:\Users\MARKPA~1\AppData\Local\Temp
TEMP=C:\Users\MARKPA~1\AppData\Local\Temp




Periodic native trim disabled

JNI global refs:
JNI global refs: 25, weak refs: 4

JNI global refs memory usage: 835, weak refs: 833

Process memory usage:
Resident Set Size: 373744K (2% of 16706568K total physical memory with 2497340K free physical memory)

OOME stack traces (most recent first):
Classloader memory used:
Loader org.gradle.internal.classloader.VisitableURLClassLoader                         : 35062K
Loader bootstrap                                                                       : 23069K
Loader org.gradle.initialization.MixInLegacyTypesClassLoader                           : 7469K
Loader org.gradle.internal.classloader.VisitableURLClassLoader                         : 864K
Loader org.gradle.internal.classloader.VisitableURLClassLoader$InstrumentingVisitableURLClassLoader: 632K
Loader jdk.internal.loader.ClassLoaders$PlatformClassLoader                            : 505K
Loader jdk.internal.loader.ClassLoaders$AppClassLoader                                 : 235K
Loader jdk.internal.reflect.DelegatingClassLoader                                      : 189K
Loader org.gradle.groovy.scripts.internal.DefaultScriptCompilationHandler$ScriptClassLoader: 90576B
Loader org.codehaus.groovy.runtime.callsite.CallSiteClassLoader                        : 49912B

Classes loaded by more than one classloader:
Class org.gradle.api.GradleException                                                  : loaded 3 times (x 82B)
Class org.gradle.internal.classloader.FilteringClassLoader                            : loaded 2 times (x 105B)
Class org.gradle.internal.classloader.ClassLoaderHierarchy                            : loaded 2 times (x 70B)
Class org.gradle.api.internal.classpath.ManifestUtil                                  : loaded 2 times (x 71B)
Class org.jetbrains.plugins.gradle.model.GradleExtensions                             : loaded 2 times (x 70B)
Class org.jetbrains.plugins.gradle.model.AnnotationProcessingModel                    : loaded 2 times (x 70B)
Class org.gradle.internal.operations.MultipleBuildOperationFailures                   : loaded 2 times (x 95B)
Class org.gradle.internal.classloader.DefaultClassLoaderFactory                       : loaded 2 times (x 82B)
Class kotlin.collections.AbstractList$Companion                                       : loaded 2 times (x 71B)
Class org.gradle.internal.classloader.ClassLoaderVisitor                              : loaded 2 times (x 76B)
Class org.gradle.api.internal.classpath.EffectiveClassPath                            : loaded 2 times (x 90B)
Class org.gradle.tooling.internal.gradle.DefaultProjectIdentifier                     : loaded 2 times (x 86B)
Class org.gradle.api.internal.DefaultClassPathProvider                                : loaded 2 times (x 76B)
Class [Lorg.gradle.api.internal.ClassPathProvider;                                    : loaded 2 times (x 69B)
Class org.gradle.api.internal.ClassPathProvider                                       : loaded 2 times (x 70B)
Class org.gradle.internal.service.UnknownServiceException                             : loaded 2 times (x 83B)
Class org.jetbrains.kotlin.idea.gradleTooling.KotlinDslScriptAdditionalTask           : loaded 2 times (x 70B)
Class org.gradle.internal.classpath.TransformedClassPath                              : loaded 2 times (x 96B)
Class org.gradle.internal.classloader.InstrumentingClassLoader                        : loaded 2 times (x 70B)
Class kotlin.enums.EnumEntriesList                                                    : loaded 2 times (x 223B)
Class org.jetbrains.kotlin.idea.gradleTooling.KotlinSourceSetContainer                : loaded 2 times (x 70B)
Class org.jetbrains.plugins.gradle.model.IntelliJSettings                             : loaded 2 times (x 70B)
Class org.gradle.internal.service.ServiceLocator                                      : loaded 2 times (x 70B)
Class org.gradle.tooling.model.UnsupportedMethodException                             : loaded 2 times (x 82B)
Class com.intellij.compose.ide.plugin.gradleTooling.rt.ComposeResourcesModel          : loaded 2 times (x 70B)
Class org.gradle.internal.InternalTransformer                                         : loaded 2 times (x 70B)
Class org.gradle.internal.time.DefaultTimer                                           : loaded 2 times (x 80B)
Class org.gradle.internal.classloader.ClasspathUtil$1                                 : loaded 2 times (x 76B)
Class org.gradle.api.internal.classpath.DefaultModuleRegistry$DefaultModule           : loaded 2 times (x 86B)
Class org.gradle.internal.time.DefaultCountdownTimer                                  : loaded 2 times (x 88B)
Class org.gradle.tooling.internal.gradle.DefaultBuildIdentifier                       : loaded 2 times (x 79B)
Class kotlin.Function                                                                 : loaded 2 times (x 70B)
Class org.gradle.api.internal.classpath.Module                                        : loaded 2 times (x 70B)
Class org.gradle.api.internal.classpath.UnknownModuleException                        : loaded 2 times (x 82B)
Class com.intellij.openapi.externalSystem.model.project.dependencies.ProjectDependencies: loaded 2 times (x 70B)
Class org.gradle.tooling.internal.gradle.GradleProjectIdentity                        : loaded 2 times (x 70B)
Class org.gradle.api.internal.DefaultClassPathRegistry                                : loaded 2 times (x 76B)
Class org.gradle.api.internal.ClassPathRegistry                                       : loaded 2 times (x 70B)
Class org.gradle.internal.classpath.DefaultClassPath$ImmutableUniqueList              : loaded 2 times (x 199B)
Class Settings_gradle$1                                                               : loaded 2 times (x 74B)
Class Program                                                                         : loaded 2 times (x 72B)
Class org.gradle.internal.classpath.ClassPath                                         : loaded 2 times (x 70B)
Class org.gradle.api.UncheckedIOException                                             : loaded 2 times (x 82B)
Class org.jetbrains.kotlin.idea.gradleTooling.KotlinGradleModel                       : loaded 2 times (x 70B)
Class org.gradle.tooling.model.Model                                                  : loaded 2 times (x 70B)
Class kotlin.UninitializedPropertyAccessException                                     : loaded 2 times (x 82B)
Class org.jetbrains.plugins.gradle.model.IntelliJProjectSettings                      : loaded 2 times (x 70B)
Class org.gradle.internal.installation.GradleInstallation$1                           : loaded 2 times (x 75B)
Class org.gradle.api.internal.classpath.ModuleRegistry                                : loaded 2 times (x 70B)
Class org.jetbrains.plugins.gradle.model.VersionCatalogsModel                         : loaded 2 times (x 70B)
Class org.gradle.api.internal.classpath.DefaultModuleRegistry                         : loaded 2 times (x 86B)
Class org.gradle.internal.time.MonotonicClock                                         : loaded 2 times (x 77B)
Class org.gradle.internal.service.ServiceLookupException                              : loaded 2 times (x 82B)
Class org.gradle.internal.classloader.ClassLoaderFactory                              : loaded 2 times (x 70B)
Class org.gradle.internal.service.CachingServiceLocator                               : loaded 2 times (x 82B)
Class org.jetbrains.plugins.gradle.model.RepositoryModels                             : loaded 2 times (x 70B)
Class org.gradle.internal.time.TimeSource                                             : loaded 2 times (x 70B)
Class org.gradle.tooling.internal.gradle.GradleBuildIdentity                          : loaded 2 times (x 70B)
Class kotlin.enums.EnumEntries                                                        : loaded 2 times (x 70B)
Class org.gradle.internal.exceptions.ResolutionProvider                               : loaded 2 times (x 70B)
Class org.gradle.tooling.model.ProjectIdentifier                                      : loaded 2 times (x 70B)
Class org.gradle.internal.classloader.ClasspathUtil                                   : loaded 2 times (x 71B)
Class org.gradle.internal.time.TimeSource$1                                           : loaded 2 times (x 77B)
Class kotlin.jvm.internal.DefaultConstructorMarker                                    : loaded 2 times (x 71B)
Class org.gradle.api.specs.Spec                                                       : loaded 2 times (x 70B)
Class org.gradle.internal.time.Clock                                                  : loaded 2 times (x 70B)
Class kotlin.collections.AbstractList                                                 : loaded 2 times (x 197B)
Class kotlin.collections.AbstractCollection                                           : loaded 2 times (x 117B)
Class org.gradle.internal.classloader.VisitableURLClassLoader$InstrumentingVisitableURLClassLoader: loaded 2 times (x 123B)
Class org.gradle.internal.classloader.VisitableURLClassLoader$Spec                    : loaded 2 times (x 74B)
Class org.gradle.internal.classpath.DefaultClassPath                                  : loaded 2 times (x 90B)
Class org.gradle.internal.classloader.ClassLoaderSpec                                 : loaded 2 times (x 71B)
Class ijInit3_9x4586zwjntswjgm4kc9k9fhe                                               : loaded 2 times (x 179B)
Class Settings_gradle$1$1                                                             : loaded 2 times (x 74B)
Class kotlin.Unit                                                                     : loaded 2 times (x 71B)
Class org.gradle.internal.classloader.VisitableURLClassLoader                         : loaded 2 times (x 117B)
Class Settings_gradle                                                                 : loaded 2 times (x 128B)
Class org.gradle.internal.Cast                                                        : loaded 2 times (x 71B)
Class org.gradle.api.Action                                                           : loaded 2 times (x 70B)
Class kotlin.jvm.functions.Function1                                                  : loaded 2 times (x 70B)
Class org.gradle.internal.classpath.DefaultClassPath$ImmutableUniqueList$Builder      : loaded 2 times (x 75B)
Class kotlin.NotImplementedError                                                      : loaded 2 times (x 82B)
Class org.gradle.internal.exceptions.NonGradleCauseExceptionsHolder                   : loaded 2 times (x 70B)
Class org.jetbrains.plugins.gradle.tooling.ModelBuilderService$Parameter              : loaded 2 times (x 70B)
Class kotlin.enums.EnumEntriesKt                                                      : loaded 2 times (x 71B)
Class org.gradle.internal.IoActions                                                   : loaded 2 times (x 71B)
Class org.gradle.internal.classloader.SystemClassLoaderSpec                           : loaded 2 times (x 71B)
Class org.gradle.internal.exceptions.MultiCauseException                              : loaded 2 times (x 70B)
Class org.gradle.internal.time.CountdownTimer                                         : loaded 2 times (x 70B)
Class kotlin.jvm.internal.Intrinsics                                                  : loaded 2 times (x 71B)
Class org.gradle.tooling.model.ProjectModel                                           : loaded 2 times (x 70B)
Class kotlin.KotlinNullPointerException                                               : loaded 2 times (x 83B)
Class org.jetbrains.plugins.gradle.model.tests.ExternalTestsModel                     : loaded 2 times (x 70B)
Class org.gradle.internal.exceptions.DefaultMultiCauseException                       : loaded 2 times (x 95B)
Class org.gradle.internal.time.Time                                                   : loaded 2 times (x 71B)
Class org.jetbrains.plugins.gradle.model.DependencyAccessorsModel                     : loaded 2 times (x 70B)
Class org.gradle.api.internal.classpath.GlobalCacheRootsProvider                      : loaded 2 times (x 70B)
Class org.jetbrains.kotlin.idea.gradleTooling.KotlinMPPGradleModel                    : loaded 2 times (x 70B)
Class org.gradle.tooling.model.BuildIdentifier                                        : loaded 2 times (x 70B)
Class org.jetbrains.kotlin.idea.gradleTooling.PrepareKotlinIdeImportTaskModel         : loaded 2 times (x 70B)
Class org.gradle.internal.time.Timer                                                  : loaded 2 times (x 70B)
Class kotlin.jvm.internal.markers.KMappedMarker                                       : loaded 2 times (x 70B)
Class org.gradle.internal.installation.CurrentGradleInstallationLocator               : loaded 2 times (x 71B)
Class org.gradle.internal.service.DefaultServiceLocator                               : loaded 2 times (x 83B)
Class org.gradle.util.GradleVersion                                                   : loaded 2 times (x 79B)
Class org.gradle.internal.installation.CurrentGradleInstallation                      : loaded 2 times (x 73B)
Class org.jetbrains.plugins.gradle.javaModel.JavaGradleManifestModel                  : loaded 2 times (x 70B)
Class org.gradle.util.internal.GUtil                                                  : loaded 2 times (x 71B)
Class org.gradle.internal.installation.GradleInstallation                             : loaded 2 times (x 75B)
Class sync_studio_tooling1420_56cxn2evvd3krkon6kx1nir6z                               : loaded 2 times (x 179B)

---------------  S Y S T E M  ---------------

OS:
 Windows 11 , 64 bit Build 26100 (10.0.26100.6725)
OS uptime: 0 days 2:16 hours
Hyper-V role detected

CPU: total 6 (initial active 6) (6 cores per cpu, 1 threads per core) family 23 model 113 stepping 0 microcode 0x8701021, cx8, cmov, fxsr, mmx, 3dnowpref, sse, sse2, sse3, ssse3, sse4a, sse4.1, sse4.2, popcnt, lzcnt, tsc, tscinvbit, avx, avx2, aes, clmul, bmi1, bmi2, adx, sha, fma, vzeroupper, clflush, clflushopt, hv, rdtscp, rdpid, f16c
Processor Information for the first 6 processors :
  Max Mhz: 3593, Current Mhz: 3593, Mhz Limit: 3593

Memory: 4k page, system-wide physical 16315M (2437M free)
TotalPageFile size 19315M (AvailPageFile size 8M)
current process WorkingSet (physical memory assigned to process): 365M, peak: 365M
current process commit charge ("private bytes"): 397M, peak: 398M

vm_info: OpenJDK 64-Bit Server VM (21.0.8+-14018985-b1038.68) for windows-amd64 JRE (21.0.8+-14018985-b1038.68), built on 2025-08-29T19:56:34Z by "builder" with MS VC++ 16.10 / 16.11 (VS2019)

END.
